This is pdfTeX, Version 3.1415926-2.5-1.40.14 (MiKTeX 2.9 64-bit) (preloaded format=pdflatex 2014.4.24)  5 MAY 2014 21:52
entering extended mode
**Diplomarbeit_KOPG_TGM.tex

(C:\Users\Michi\Favorites\Documents\Eclipse\Project\diploma\Diplomarbeit_TGM_TG
M\Diplomarbeit_KOPG_TGM.tex
LaTeX2e <2011/06/27>
Babel <v3.8m> and hyphenation patterns for english, afrikaans, ancientgreek, ar
abic, armenian, assamese, basque, bengali, bokmal, bulgarian, catalan, coptic, 
croatian, czech, danish, dutch, esperanto, estonian, farsi, finnish, french, ga
lician, german, german-x-2013-05-26, greek, gujarati, hindi, hungarian, iceland
ic, indonesian, interlingua, irish, italian, kannada, kurmanji, latin, latvian,
 lithuanian, malayalam, marathi, mongolian, mongolianlmc, monogreek, ngerman, n
german-x-2013-05-26, nynorsk, oriya, panjabi, pinyin, polish, portuguese, roman
ian, russian, sanskrit, serbian, slovak, slovenian, spanish, swedish, swissgerm
an, tamil, telugu, turkish, turkmen, ukenglish, ukrainian, uppersorbian, usengl
ishmax, welsh, loaded.
("C:\Program Files\MiKTeX 2.9\tex\latex\base\book.cls"
Document Class: book 2007/10/19 v1.4h Standard LaTeX document class
("C:\Program Files\MiKTeX 2.9\tex\latex\base\bk12.clo"
File: bk12.clo 2007/10/19 v1.4h Standard LaTeX file (size option)
)
\c@part=\count79
\c@chapter=\count80
\c@section=\count81
\c@subsection=\count82
\c@subsubsection=\count83
\c@paragraph=\count84
\c@subparagraph=\count85
\c@figure=\count86
\c@table=\count87
\abovecaptionskip=\skip41
\belowcaptionskip=\skip42
\bibindent=\dimen102
)
("C:\Program Files\MiKTeX 2.9\tex\latex\ntgclass\a4.sty"
Package: a4 2004/04/15 v1.2g A4 based page layout
)
("C:\Program Files\MiKTeX 2.9\tex\latex\base\fontenc.sty"
Package: fontenc 2005/09/27 v1.99g Standard LaTeX package

("C:\Program Files\MiKTeX 2.9\tex\latex\base\t1enc.def"
File: t1enc.def 2005/09/27 v1.99g Standard LaTeX file
LaTeX Font Info:    Redeclaring font encoding T1 on input line 43.
))
("C:\Program Files\MiKTeX 2.9\tex\latex\amsfonts\amssymb.sty"
Package: amssymb 2013/01/14 v3.01 AMS font symbols

("C:\Program Files\MiKTeX 2.9\tex\latex\amsfonts\amsfonts.sty"
Package: amsfonts 2013/01/14 v3.01 Basic AMSFonts support
\@emptytoks=\toks14
\symAMSa=\mathgroup4
\symAMSb=\mathgroup5
LaTeX Font Info:    Overwriting math alphabet `\mathfrak' in version `bold'
(Font)                  U/euf/m/n --> U/euf/b/n on input line 106.
))
("C:\Program Files\MiKTeX 2.9\tex\latex\amsmath\amsmath.sty"
Package: amsmath 2013/01/14 v2.14 AMS math features
\@mathmargin=\skip43

For additional information on amsmath, use the `?' option.
("C:\Program Files\MiKTeX 2.9\tex\latex\amsmath\amstext.sty"
Package: amstext 2000/06/29 v2.01

("C:\Program Files\MiKTeX 2.9\tex\latex\amsmath\amsgen.sty"
File: amsgen.sty 1999/11/30 v2.0
\@emptytoks=\toks15
\ex@=\dimen103
))
("C:\Program Files\MiKTeX 2.9\tex\latex\amsmath\amsbsy.sty"
Package: amsbsy 1999/11/29 v1.2d
\pmbraise@=\dimen104
)
("C:\Program Files\MiKTeX 2.9\tex\latex\amsmath\amsopn.sty"
Package: amsopn 1999/12/14 v2.01 operator names
)
\inf@bad=\count88
LaTeX Info: Redefining \frac on input line 210.
\uproot@=\count89
\leftroot@=\count90
LaTeX Info: Redefining \overline on input line 306.
\classnum@=\count91
\DOTSCASE@=\count92
LaTeX Info: Redefining \ldots on input line 378.
LaTeX Info: Redefining \dots on input line 381.
LaTeX Info: Redefining \cdots on input line 466.
\Mathstrutbox@=\box26
\strutbox@=\box27
\big@size=\dimen105
LaTeX Font Info:    Redeclaring font encoding OML on input line 566.
LaTeX Font Info:    Redeclaring font encoding OMS on input line 567.
\macc@depth=\count93
\c@MaxMatrixCols=\count94
\dotsspace@=\muskip10
\c@parentequation=\count95
\dspbrk@lvl=\count96
\tag@help=\toks16
\row@=\count97
\column@=\count98
\maxfields@=\count99
\andhelp@=\toks17
\eqnshift@=\dimen106
\alignsep@=\dimen107
\tagshift@=\dimen108
\tagwidth@=\dimen109
\totwidth@=\dimen110
\lineht@=\dimen111
\@envbody=\toks18
\multlinegap=\skip44
\multlinetaggap=\skip45
\mathdisplay@stack=\toks19
LaTeX Info: Redefining \[ on input line 2665.
LaTeX Info: Redefining \] on input line 2666.
)
("C:\Program Files\MiKTeX 2.9\tex\latex\fncychap\fncychap.sty"
Package: fncychap 2007/07/30 v1.34 LaTeX package (Revised chapters)
\RW=\skip46
\mylen=\skip47
\myhi=\skip48
\px=\skip49
\py=\skip50
\pyy=\skip51
\pxx=\skip52
)
("C:\Program Files\MiKTeX 2.9\tex\latex\nomencl\nomencl.sty"
Package: nomencl 2005/09/22 v4.2 Nomenclature package (LN)
\nomlabelwidth=\dimen112
\nom@tempdim=\dimen113
\nomitemsep=\skip53
)
("C:\Program Files\MiKTeX 2.9\tex\latex\base\makeidx.sty"
Package: makeidx 2000/03/29 v1.0m Standard LaTeX package
)
("C:\Program Files\MiKTeX 2.9\tex\latex\graphics\graphicx.sty"
Package: graphicx 1999/02/16 v1.0f Enhanced LaTeX Graphics (DPC,SPQR)

("C:\Program Files\MiKTeX 2.9\tex\latex\graphics\keyval.sty"
Package: keyval 1999/03/16 v1.13 key=value parser (DPC)
\KV@toks@=\toks20
)
("C:\Program Files\MiKTeX 2.9\tex\latex\graphics\graphics.sty"
Package: graphics 2009/02/05 v1.0o Standard LaTeX Graphics (DPC,SPQR)

("C:\Program Files\MiKTeX 2.9\tex\latex\graphics\trig.sty"
Package: trig 1999/03/16 v1.09 sin cos tan (DPC)
)
("C:\Program Files\MiKTeX 2.9\tex\latex\00miktex\graphics.cfg"
File: graphics.cfg 2007/01/18 v1.5 graphics configuration of teTeX/TeXLive
)
Package graphics Info: Driver file: pdftex.def on input line 91.

("C:\Program Files\MiKTeX 2.9\tex\latex\pdftex-def\pdftex.def"
File: pdftex.def 2011/05/27 v0.06d Graphics/color for pdfTeX

("C:\Program Files\MiKTeX 2.9\tex\generic\oberdiek\infwarerr.sty"
Package: infwarerr 2010/04/08 v1.3 Providing info/warning/error messages (HO)
)
("C:\Program Files\MiKTeX 2.9\tex\generic\oberdiek\ltxcmds.sty"
Package: ltxcmds 2011/11/09 v1.22 LaTeX kernel commands for general use (HO)
)
\Gread@gobject=\count100
))
\Gin@req@height=\dimen114
\Gin@req@width=\dimen115
)
("C:\Program Files\MiKTeX 2.9\tex\latex\psfrag\psfrag.sty"
Package: psfrag 1998/04/11 v3.04 PSfrag (MCG)
\pfg@pcount=\count101
\pfg@scount=\count102
\pfg@temp=\write3
)
("C:\Program Files\MiKTeX 2.9\tex\latex\graphics\color.sty"
Package: color 2005/11/14 v1.0j Standard LaTeX Color (DPC)

("C:\Program Files\MiKTeX 2.9\tex\latex\00miktex\color.cfg"
File: color.cfg 2007/01/18 v1.5 color configuration of teTeX/TeXLive
)
Package color Info: Driver file: pdftex.def on input line 130.
)
("C:\Program Files\MiKTeX 2.9\tex\latex\units\nicefrac.sty"
Package: nicefrac 1998/08/04 v0.9b Nice fractions
\L@UnitsRaiseDisplaystyle=\skip54
\L@UnitsRaiseTextstyle=\skip55
\L@UnitsRaiseScriptstyle=\skip56

("C:\Program Files\MiKTeX 2.9\tex\latex\base\ifthen.sty"
Package: ifthen 2001/05/26 v1.1c Standard LaTeX ifthen package (DPC)
))
("C:\Program Files\MiKTeX 2.9\tex\latex\fancyhdr\fancyhdr.sty"
\fancy@headwidth=\skip57
\f@ncyO@elh=\skip58
\f@ncyO@erh=\skip59
\f@ncyO@olh=\skip60
\f@ncyO@orh=\skip61
\f@ncyO@elf=\skip62
\f@ncyO@erf=\skip63
\f@ncyO@olf=\skip64
\f@ncyO@orf=\skip65
)
("C:\Program Files\MiKTeX 2.9\tex\latex\subfigure\subfigure.sty"
Package: subfigure 2002/07/30 v2.1.4 subfigure package
\subfigtopskip=\skip66
\subfigcapskip=\skip67
\subfigcaptopadj=\dimen116
\subfigbottomskip=\skip68
\subfigcapmargin=\dimen117
\subfiglabelskip=\skip69
\c@subfigure=\count103
\c@lofdepth=\count104
\c@subtable=\count105
\c@lotdepth=\count106

****************************************
* Local config file subfigure.cfg used *
****************************************
("C:\Program Files\MiKTeX 2.9\tex\latex\subfigure\subfigure.cfg")
\subfig@top=\skip70
\subfig@bottom=\skip71
)
("C:\Program Files\MiKTeX 2.9\tex\latex\glossaries\base\glossaries.sty"
Package: glossaries 2014/04/04 v4.07 (NLCT)

("C:\Program Files\MiKTeX 2.9\tex\latex\xkeyval\xkeyval.sty"
Package: xkeyval 2012/10/14 v2.6b package option processing (HA)

("C:\Program Files\MiKTeX 2.9\tex\generic\xkeyval\xkeyval.tex"
\XKV@toks=\toks21
\XKV@tempa@toks=\toks22
\XKV@depth=\count107
File: xkeyval.tex 2012/10/14 v2.6b key=value parser (HA)
))
("C:\Program Files\MiKTeX 2.9\tex\latex\glossaries\base\mfirstuc.sty"
Package: mfirstuc 2013/11/04 v1.08 (NLCT)

("C:\Program Files\MiKTeX 2.9\tex\latex\etoolbox\etoolbox.sty"
Package: etoolbox 2011/01/03 v2.1 e-TeX tools for LaTeX

("C:\Program Files\MiKTeX 2.9\tex\latex\misc\etex.sty"
Package: etex 1998/03/26 v2.0 eTeX basic definition package (PEB)
\et@xins=\count108
)
\etb@tempcnta=\count109
)
\@glsmfirst=\toks23
\@glsmrest=\toks24
)
("C:\Program Files\MiKTeX 2.9\tex\latex\textcase\textcase.sty"
Package: textcase 2004/10/07 v0.07 Text only upper/lower case changing (DPC)
)
("C:\Program Files\MiKTeX 2.9\tex\latex\xfor\xfor.sty"
Package: xfor 2009/02/05 v1.05 (NLCT)
)
("C:\Program Files\MiKTeX 2.9\tex\latex\datatool\datatool-base.sty"
Package: datatool-base 2013/09/06 v2.18 (NLCT)

("C:\Program Files\MiKTeX 2.9\tex\latex\substr\substr.sty"
Package: substr 2009/10/20 v1.2 Handle substrings
\c@su@anzahl=\count110
)
("C:\Program Files\MiKTeX 2.9\tex\latex\datatool\datatool-fp.sty"
Package: datatool-fp 2013/08/29 v2.17 (NLCT)

("C:\Program Files\MiKTeX 2.9\tex\latex\fp\fp.sty"
Package: fp 1995/04/02

`Fixed Point Package', Version 0.8, April 2, 1995 (C) Michael Mehlich
("C:\Program Files\MiKTeX 2.9\tex\latex\fp\defpattern.sty"
Package: defpattern 1994/10/12
\actioncount=\count111
)
("C:\Program Files\MiKTeX 2.9\tex\latex\fp\fp-basic.sty"
Package: fp-basic 1996/05/13
\FP@xs=\count112
\FP@xia=\count113
\FP@xib=\count114
\FP@xfa=\count115
\FP@xfb=\count116
\FP@rega=\count117
\FP@regb=\count118
\FP@regs=\count119
\FP@times=\count120
)
("C:\Program Files\MiKTeX 2.9\tex\latex\fp\fp-addons.sty"
Package: fp-addons 1995/03/15
)
("C:\Program Files\MiKTeX 2.9\tex\latex\fp\fp-snap.sty"
Package: fp-snap 1995/04/05
)
("C:\Program Files\MiKTeX 2.9\tex\latex\fp\fp-exp.sty"
Package: fp-exp 1995/04/03
)
("C:\Program Files\MiKTeX 2.9\tex\latex\fp\fp-trigo.sty"
Package: fp-trigo 1995/04/14
)
("C:\Program Files\MiKTeX 2.9\tex\latex\fp\fp-pas.sty"
Package: fp-pas 1994/08/29
)
("C:\Program Files\MiKTeX 2.9\tex\latex\fp\fp-random.sty"
Package: fp-random 1995/02/23
\FPseed=\count121
)
("C:\Program Files\MiKTeX 2.9\tex\latex\fp\fp-eqn.sty"
Package: fp-eqn 1995/04/03
)
("C:\Program Files\MiKTeX 2.9\tex\latex\fp\fp-upn.sty"
Package: fp-upn 1996/10/21
)
("C:\Program Files\MiKTeX 2.9\tex\latex\fp\fp-eval.sty"
Package: fp-eval 1995/04/03
)))
\@dtl@toks=\toks25
\@dtl@tmpcount=\count122
\dtl@tmplength=\skip72
\dtl@sortresult=\count123
\@dtl@numgrpsepcount=\count124
\@dtl@datatype=\count125
\dtl@codeA=\count126
\dtl@codeB=\count127
\@dtl@foreach@level=\count128
)
("C:\Program Files\MiKTeX 2.9\tex\latex\glossaries\base\glossaries-compatible-3
07.sty"
Package: glossaries-compatible-307 2013/11/14 v4.0 (NLCT)
)
\gls@level=\count129
\@gls@tmpb=\toks26
\gls@tmplen=\skip73
\glskeylisttok=\toks27
\glslabeltok=\toks28
\glsshorttok=\toks29
\glslongtok=\toks30

("C:\Program Files\MiKTeX 2.9\tex\latex\glossaries\styles\glossary-hypernav.sty
"
Package: glossary-hypernav 2013/11/14 v4.0 (NLCT)
) ("C:\Program Files\MiKTeX 2.9\tex\latex\glossaries\styles\glossary-list.sty"
Package: glossary-list 2013/11/14 v4.0 (NLCT)
\glslistdottedwidth=\skip74
) ("C:\Program Files\MiKTeX 2.9\tex\latex\glossaries\styles\glossary-long.sty"
Package: glossary-long 2013/11/14 v4.0 (NLCT)

("C:\Program Files\MiKTeX 2.9\tex\latex\tools\longtable.sty"
Package: longtable 2004/02/01 v4.11 Multi-page Table package (DPC)
\LTleft=\skip75
\LTright=\skip76
\LTpre=\skip77
\LTpost=\skip78
\LTchunksize=\count130
\LTcapwidth=\dimen118
\LT@head=\box28
\LT@firsthead=\box29
\LT@foot=\box30
\LT@lastfoot=\box31
\LT@cols=\count131
\LT@rows=\count132
\c@LT@tables=\count133
\c@LT@chunks=\count134
\LT@p@ftn=\toks31
)
\glsdescwidth=\skip79
\glspagelistwidth=\skip80
)
("C:\Program Files\MiKTeX 2.9\tex\latex\glossaries\styles\glossary-super.sty"
Package: glossary-super 2013/11/14 v4.0 (NLCT)

("C:\Program Files\MiKTeX 2.9\tex\latex\supertabular\supertabular.sty"
Package: supertabular 2004/02/20 v4.1e the supertabular environment
\c@tracingst=\count135
\ST@wd=\dimen119
\ST@rightskip=\skip81
\ST@leftskip=\skip82
\ST@parfillskip=\skip83
\ST@pageleft=\dimen120
\ST@headht=\dimen121
\ST@tailht=\dimen122
\ST@pagesofar=\dimen123
\ST@pboxht=\dimen124
\ST@lineht=\dimen125
\ST@stretchht=\dimen126
\ST@prevht=\dimen127
\ST@toadd=\dimen128
\ST@dimen=\dimen129
\ST@pbox=\box32
))
("C:\Program Files\MiKTeX 2.9\tex\latex\glossaries\styles\glossary-tree.sty"
Package: glossary-tree 2014/03/06 v4.04 (NLCT)
\glstreeindent=\skip84
))
("C:\Program Files\MiKTeX 2.9\tex\latex\cite\cite.sty"
LaTeX Info: Redefining \cite on input line 302.
LaTeX Info: Redefining \nocite on input line 373.
Package: cite 2010/09/10  v 5.3
)
("C:\Program Files\MiKTeX 2.9\tex\latex\listings\listings.sty"
\lst@mode=\count136
\lst@gtempboxa=\box33
\lst@token=\toks32
\lst@length=\count137
\lst@currlwidth=\dimen130
\lst@column=\count138
\lst@pos=\count139
\lst@lostspace=\dimen131
\lst@width=\dimen132
\lst@newlines=\count140
\lst@lineno=\count141
\lst@maxwidth=\dimen133

("C:\Program Files\MiKTeX 2.9\tex\latex\listings\lstmisc.sty"
File: lstmisc.sty 2014/03/04 1.5c (Carsten Heinz)
\c@lstnumber=\count142
\lst@skipnumbers=\count143
\lst@framebox=\box34
)
("C:\Program Files\MiKTeX 2.9\tex\latex\listings\listings.cfg"
File: listings.cfg 2014/03/04 1.5c listings configuration
))
Package: listings 2014/03/04 1.5c (Carsten Heinz)

("C:\Program Files\MiKTeX 2.9\tex\latex\xcolor\xcolor.sty"
Package: xcolor 2007/01/21 v2.11 LaTeX color extensions (UK)

("C:\Program Files\MiKTeX 2.9\tex\latex\00miktex\color.cfg"
File: color.cfg 2007/01/18 v1.5 color configuration of teTeX/TeXLive
)
Package xcolor Info: Driver file: pdftex.def on input line 225.
LaTeX Info: Redefining \color on input line 702.
Package xcolor Info: Model `cmy' substituted by `cmy0' on input line 1337.
Package xcolor Info: Model `hsb' substituted by `rgb' on input line 1341.
Package xcolor Info: Model `RGB' extended on input line 1353.
Package xcolor Info: Model `HTML' substituted by `rgb' on input line 1355.
Package xcolor Info: Model `Hsb' substituted by `hsb' on input line 1356.
Package xcolor Info: Model `tHsb' substituted by `hsb' on input line 1357.
Package xcolor Info: Model `HSB' substituted by `hsb' on input line 1358.
Package xcolor Info: Model `Gray' substituted by `gray' on input line 1359.
Package xcolor Info: Model `wave' substituted by `hsb' on input line 1360.

("C:\Program Files\MiKTeX 2.9\tex\latex\graphics\dvipsnam.def"
File: dvipsnam.def 1999/02/16 v3.0i Driver-dependant file (DPC,SPQR)
))
("C:\Program Files\MiKTeX 2.9\tex\latex\rotating\rotating.sty"
Package: rotating 2009/03/28 v2.16a rotated objects in LaTeX
\c@r@tfl@t=\count144
\rotFPtop=\skip85
\rotFPbot=\skip86
\rot@float@box=\box35
\rot@mess@toks=\toks33
)
("C:\Program Files\MiKTeX 2.9\tex\latex\base\inputenc.sty"
Package: inputenc 2008/03/30 v1.1d Input encoding file
\inpenc@prehook=\toks34
\inpenc@posthook=\toks35

("C:\Program Files\MiKTeX 2.9\tex\latex\base\ansinew.def"
File: ansinew.def 2008/03/30 v1.1d Input encoding file
))
("C:\Program Files\MiKTeX 2.9\tex\latex\tocbibind\tocbibind.sty"
Package: tocbibind 2010/10/13 v1.5k extra ToC listings
Package tocbibind Info: The document has chapter divisions on input line 50.


Package tocbibind Note: Using chapter style headings, unless overridden.

) ("C:\Program Files\MiKTeX 2.9\tex\latex\float\float.sty"
Package: float 2001/11/08 v1.3d Float enhancements (AL)
\c@float@type=\count145
\float@exts=\toks36
\float@box=\box36
\@float@everytoks=\toks37
\@floatcapt=\box37
)
("C:\Program Files\MiKTeX 2.9\tex\latex\hyperref\hyperref.sty"
Package: hyperref 2012/11/06 v6.83m Hypertext links for LaTeX

("C:\Program Files\MiKTeX 2.9\tex\generic\oberdiek\hobsub-hyperref.sty"
Package: hobsub-hyperref 2012/04/25 v1.12 Bundle oberdiek, subset hyperref (HO)


("C:\Program Files\MiKTeX 2.9\tex\generic\oberdiek\hobsub-generic.sty"
Package: hobsub-generic 2012/04/25 v1.12 Bundle oberdiek, subset generic (HO)
Package: hobsub 2012/04/25 v1.12 Construct package bundles (HO)
Package hobsub Info: Skipping package `infwarerr' (already loaded).
Package hobsub Info: Skipping package `ltxcmds' (already loaded).
Package: ifluatex 2010/03/01 v1.3 Provides the ifluatex switch (HO)
Package ifluatex Info: LuaTeX not detected.
Package: ifvtex 2010/03/01 v1.5 Detect VTeX and its facilities (HO)
Package ifvtex Info: VTeX not detected.
Package: intcalc 2007/09/27 v1.1 Expandable calculations with integers (HO)
Package: ifpdf 2011/01/30 v2.3 Provides the ifpdf switch (HO)
Package ifpdf Info: pdfTeX in PDF mode is detected.
Package: etexcmds 2011/02/16 v1.5 Avoid name clashes with e-TeX commands (HO)
Package etexcmds Info: Could not find \expanded.
(etexcmds)             That can mean that you are not using pdfTeX 1.50 or
(etexcmds)             that some package has redefined \expanded.
(etexcmds)             In the latter case, load this package earlier.
Package: kvsetkeys 2012/04/25 v1.16 Key value parser (HO)
Package: kvdefinekeys 2011/04/07 v1.3 Define keys (HO)
Package: pdftexcmds 2011/11/29 v0.20 Utility functions of pdfTeX for LuaTeX (HO
)
Package pdftexcmds Info: LuaTeX not detected.
Package pdftexcmds Info: \pdf@primitive is available.
Package pdftexcmds Info: \pdf@ifprimitive is available.
Package pdftexcmds Info: \pdfdraftmode found.
Package: pdfescape 2011/11/25 v1.13 Implements pdfTeX's escape features (HO)
Package: bigintcalc 2012/04/08 v1.3 Expandable calculations on big integers (HO
)
Package: bitset 2011/01/30 v1.1 Handle bit-vector datatype (HO)
Package: uniquecounter 2011/01/30 v1.2 Provide unlimited unique counter (HO)
)
Package hobsub Info: Skipping package `hobsub' (already loaded).
Package: letltxmacro 2010/09/02 v1.4 Let assignment for LaTeX macros (HO)
Package: hopatch 2011/06/24 v1.1 Wrapper for package hooks (HO)
Package: xcolor-patch 2011/01/30 xcolor patch
Package: atveryend 2011/06/30 v1.8 Hooks at the very end of document (HO)
Package: atbegshi 2011/10/05 v1.16 At begin shipout hook (HO)
Package: refcount 2011/10/16 v3.4 Data extraction from label references (HO)
Package: hycolor 2011/01/30 v1.7 Color options for hyperref/bookmark (HO)
)
("C:\Program Files\MiKTeX 2.9\tex\generic\ifxetex\ifxetex.sty"
Package: ifxetex 2010/09/12 v0.6 Provides ifxetex conditional
)
("C:\Program Files\MiKTeX 2.9\tex\latex\oberdiek\auxhook.sty"
Package: auxhook 2011/03/04 v1.3 Hooks for auxiliary files (HO)
)
("C:\Program Files\MiKTeX 2.9\tex\latex\oberdiek\kvoptions.sty"
Package: kvoptions 2011/06/30 v3.11 Key value format for package options (HO)
)
\@linkdim=\dimen134
\Hy@linkcounter=\count146
\Hy@pagecounter=\count147

("C:\Program Files\MiKTeX 2.9\tex\latex\hyperref\pd1enc.def"
File: pd1enc.def 2012/11/06 v6.83m Hyperref: PDFDocEncoding definition (HO)
)
\Hy@SavedSpaceFactor=\count148

("C:\Program Files\MiKTeX 2.9\tex\latex\00miktex\hyperref.cfg"
File: hyperref.cfg 2002/06/06 v1.2 hyperref configuration of TeXLive
)
Package hyperref Info: Option `final' set `true' on input line 4319.


Package hyperref Warning: Unexpected value for option `pdftex'
(hyperref)                is ignored on input line 4319.

Package hyperref Info: Option `bookmarksopen' set `true' on input line 4319.
Package hyperref Info: Option `colorlinks' set `true' on input line 4319.
Package hyperref Info: Option `breaklinks' set `true' on input line 4319.
Package hyperref Info: Hyper figures OFF on input line 4443.
Package hyperref Info: Link nesting OFF on input line 4448.
Package hyperref Info: Hyper index ON on input line 4451.
Package hyperref Info: Plain pages OFF on input line 4458.
Package hyperref Info: Backreferencing OFF on input line 4463.
Package hyperref Info: Implicit mode ON; LaTeX internals redefined.
Package hyperref Info: Bookmarks ON on input line 4688.
\c@Hy@tempcnt=\count149
("C:\Program Files\MiKTeX 2.9\tex\latex\url\url.sty"
\Urlmuskip=\muskip11
Package: url 2013/09/16  ver 3.4  Verb mode for urls, etc.
)
LaTeX Info: Redefining \url on input line 5041.
\XeTeXLinkMargin=\dimen135
\Fld@menulength=\count150
\Field@Width=\dimen136
\Fld@charsize=\dimen137
Package hyperref Info: Hyper figures OFF on input line 6295.
Package hyperref Info: Link nesting OFF on input line 6300.
Package hyperref Info: Hyper index ON on input line 6303.
Package hyperref Info: backreferencing OFF on input line 6310.
Package hyperref Info: Link coloring ON on input line 6313.
Package hyperref Info: Link coloring with OCG OFF on input line 6320.
Package hyperref Info: PDF/A mode OFF on input line 6325.
LaTeX Info: Redefining \ref on input line 6365.
LaTeX Info: Redefining \pageref on input line 6369.
\Hy@abspage=\count151
\c@Item=\count152
\c@Hfootnote=\count153
)

Package hyperref Message: Driver: hpdftex.

("C:\Program Files\MiKTeX 2.9\tex\latex\hyperref\hpdftex.def"
File: hpdftex.def 2012/11/06 v6.83m Hyperref driver for pdfTeX
\Fld@listcount=\count154
\c@bookmark@seq@number=\count155

("C:\Program Files\MiKTeX 2.9\tex\latex\oberdiek\rerunfilecheck.sty"
Package: rerunfilecheck 2011/04/15 v1.7 Rerun checks for auxiliary files (HO)
Package uniquecounter Info: New unique counter `rerunfilecheck' on input line 2
82.
)
\Hy@SectionHShift=\skip87
)
\@nomenclaturefile=\write4

Writing nomenclature file Diplomarbeit_KOPG_TGM.nlo
\c@theorem=\count156
\c@acknowledgement=\count157
\c@algorithm=\count158
\c@axiom=\count159
\c@case=\count160
\c@claim=\count161
\c@conclusion=\count162
\c@condition=\count163
\c@conjecture=\count164
\c@corollary=\count165
\c@criterion=\count166
\c@definition=\count167
\c@example=\count168
\c@exercise=\count169
\c@lemma=\count170
\c@notation=\count171
\c@problem=\count172
\c@proposition=\count173
\c@remark=\count174
\c@solution=\count175
\c@summary=\count176
\glswrite=\write5
\glo@main@file=\write6
Package glossaries Info: Writing glossary file Diplomarbeit_KOPG_TGM.glo on inp
ut line 210.
\glo@acronym@file=\write7
Package glossaries Info: Writing glossary file Diplomarbeit_KOPG_TGM.acn on inp
ut line 210.

(C:\Users\Michi\Favorites\Documents\Eclipse\Project\diploma\Diplomarbeit_TGM_TG
M\Diplomarbeit_KOPG_TGM.aux
(C:\Users\Michi\Favorites\Documents\Eclipse\Project\diploma\Diplomarbeit_TGM_TG
M\tex/title.aux)
(C:\Users\Michi\Favorites\Documents\Eclipse\Project\diploma\Diplomarbeit_TGM_TG
M\tex/prefacea.aux)
(C:\Users\Michi\Favorites\Documents\Eclipse\Project\diploma\Diplomarbeit_TGM_TG
M\tex/abstracta.aux)
(C:\Users\Michi\Favorites\Documents\Eclipse\Project\diploma\Diplomarbeit_TGM_TG
M\tex/kurzzfsg.aux)
(C:\Users\Michi\Favorites\Documents\Eclipse\Project\diploma\Diplomarbeit_TGM_TG
M\tex/nomenclature.aux)
(C:\Users\Michi\Favorites\Documents\Eclipse\Project\diploma\Diplomarbeit_TGM_TG
M\tex/chapter1.aux

LaTeX Warning: Label `fig:tgmlogo' multiply defined.

)
(C:\Users\Michi\Favorites\Documents\Eclipse\Project\diploma\Diplomarbeit_TGM_TG
M\tex/chapter2.aux)
(C:\Users\Michi\Favorites\Documents\Eclipse\Project\diploma\Diplomarbeit_TGM_TG
M\tex/chapter3.aux)
(C:\Users\Michi\Favorites\Documents\Eclipse\Project\diploma\Diplomarbeit_TGM_TG
M\tex/chapter4.aux)
(C:\Users\Michi\Favorites\Documents\Eclipse\Project\diploma\Diplomarbeit_TGM_TG
M\tex/chapter5.aux)
(C:\Users\Michi\Favorites\Documents\Eclipse\Project\diploma\Diplomarbeit_TGM_TG
M\tex/chapter6.aux

LaTeX Warning: Label `chapter:desgin' multiply defined.

)
(C:\Users\Michi\Favorites\Documents\Eclipse\Project\diploma\Diplomarbeit_TGM_TG
M\tex/chapter7.aux)
(C:\Users\Michi\Favorites\Documents\Eclipse\Project\diploma\Diplomarbeit_TGM_TG
M\tex/chapter8.aux)
(C:\Users\Michi\Favorites\Documents\Eclipse\Project\diploma\Diplomarbeit_TGM_TG
M\tex/chapter9.aux)
(C:\Users\Michi\Favorites\Documents\Eclipse\Project\diploma\Diplomarbeit_TGM_TG
M\tex/appendix.aux)
(C:\Users\Michi\Favorites\Documents\Eclipse\Project\diploma\Diplomarbeit_TGM_TG
M\tex/eid.aux))
LaTeX Font Info:    Checking defaults for OML/cmm/m/it on input line 216.
LaTeX Font Info:    ... okay on input line 216.
LaTeX Font Info:    Checking defaults for T1/cmr/m/n on input line 216.
LaTeX Font Info:    ... okay on input line 216.
LaTeX Font Info:    Checking defaults for OT1/cmr/m/n on input line 216.
LaTeX Font Info:    ... okay on input line 216.
LaTeX Font Info:    Checking defaults for OMS/cmsy/m/n on input line 216.
LaTeX Font Info:    ... okay on input line 216.
LaTeX Font Info:    Checking defaults for OMX/cmex/m/n on input line 216.
LaTeX Font Info:    ... okay on input line 216.
LaTeX Font Info:    Checking defaults for U/cmr/m/n on input line 216.
LaTeX Font Info:    ... okay on input line 216.
LaTeX Font Info:    Checking defaults for PD1/pdf/m/n on input line 216.
LaTeX Font Info:    ... okay on input line 216.
 ("C:\Program Files\MiKTeX 2.9\tex\context\base\supp-pdf.mkii"
[Loading MPS to PDF converter (version 2006.09.02).]
\scratchcounter=\count177
\scratchdimen=\dimen138
\scratchbox=\box38
\nofMPsegments=\count178
\nofMParguments=\count179
\everyMPshowfont=\toks38
\MPscratchCnt=\count180
\MPscratchDim=\dimen139
\MPnumerator=\count181
\makeMPintoPDFobject=\count182
\everyMPtoPDFconversion=\toks39
)
\c@lstlisting=\count183
\AtBeginShipoutBox=\box39
Package hyperref Info: Link coloring ON on input line 216.
 ("C:\Program Files\MiKTeX 2.9\tex\latex\hyperref\nameref.sty"
Package: nameref 2012/10/27 v2.43 Cross-referencing by name of section

("C:\Program Files\MiKTeX 2.9\tex\generic\oberdiek\gettitlestring.sty"
Package: gettitlestring 2010/12/03 v1.4 Cleanup title references (HO)
)
\c@section@level=\count184
)
LaTeX Info: Redefining \ref on input line 216.
LaTeX Info: Redefining \pageref on input line 216.
LaTeX Info: Redefining \nameref on input line 216.

(C:\Users\Michi\Favorites\Documents\Eclipse\Project\diploma\Diplomarbeit_TGM_TG
M\Diplomarbeit_KOPG_TGM.out)
(C:\Users\Michi\Favorites\Documents\Eclipse\Project\diploma\Diplomarbeit_TGM_TG
M\Diplomarbeit_KOPG_TGM.out)
\@outlinefile=\write8

(C:\Users\Michi\Favorites\Documents\Eclipse\Project\diploma\Diplomarbeit_TGM_TG
M\tex/title.tex
LaTeX Font Info:    Try loading font information for T1+cmss on input line 42.
 ("C:\Program Files\MiKTeX 2.9\tex\latex\base\t1cmss.fd"
File: t1cmss.fd 1999/05/25 v2.5h Standard LaTeX font definitions
)
<graphics/title/tgmlogo2.png, id=578, 376.5267pt x 121.29315pt>
File: graphics/title/tgmlogo2.png Graphic file (type png)

<use graphics/title/tgmlogo2.png>
Package pdftex.def Info: graphics/title/tgmlogo2.png used on input line 42.
(pdftex.def)             Requested size: 123.58289pt x 39.81032pt.
 [1
Non-PDF special ignored!



{C:/ProgramData/MiKTeX/2.9/pdftex/config/pdftex.map} <C:/Users/Michi/Favorites/
Documents/Eclipse/Project/diploma/Diplomarbeit_TGM_TGM/graphics/title/tgmlogo2.
png>] [2

]pdfTeX warning (ext4): destination with the same identifier (name{page.1}) has
 been already used, duplicate ignored
<to be read again> 
                   \relax 
l.84 \end{titlepage}
                     [1])pdfTeX warning (ext4): destination with the same ident
ifier (name{page.2}) has been already used, duplicate ignored
<to be read again> 
                   \relax 
l.221 \frontmatter
                  %   %% front matter will be numbered in small Roman letters
[2


]
(C:\Users\Michi\Favorites\Documents\Eclipse\Project\diploma\Diplomarbeit_TGM_TG
M\tex/prefacea.tex) [1


]
(C:\Users\Michi\Favorites\Documents\Eclipse\Project\diploma\Diplomarbeit_TGM_TG
M\tex/abstracta.tex [2



]) [3]
(C:\Users\Michi\Favorites\Documents\Eclipse\Project\diploma\Diplomarbeit_TGM_TG
M\tex/kurzzfsg.tex [4



]) [5] [6



]
(C:\Users\Michi\Favorites\Documents\Eclipse\Project\diploma\Diplomarbeit_TGM_TG
M\Diplomarbeit_KOPG_TGM.toc
LaTeX Font Info:    Try loading font information for U+msa on input line 3.

("C:\Program Files\MiKTeX 2.9\tex\latex\amsfonts\umsa.fd"
File: umsa.fd 2013/01/14 v3.01 AMS symbols A
)
LaTeX Font Info:    Try loading font information for U+msb on input line 3.

("C:\Program Files\MiKTeX 2.9\tex\latex\amsfonts\umsb.fd"
File: umsb.fd 2013/01/14 v3.01 AMS symbols B
) [7] [8] [9] [10])
\tf@toc=\write9

[11] [12


]
(C:\Users\Michi\Favorites\Documents\Eclipse\Project\diploma\Diplomarbeit_TGM_TG
M\Diplomarbeit_KOPG_TGM.lof [13])
\tf@lof=\write10
 [14]
(C:\Users\Michi\Favorites\Documents\Eclipse\Project\diploma\Diplomarbeit_TGM_TG
M\Diplomarbeit_KOPG_TGM.lol [15


])
\tf@lol=\write11
 [16]
(C:\Users\Michi\Favorites\Documents\Eclipse\Project\diploma\Diplomarbeit_TGM_TG
M\tex/nomenclature.tex)
No file Diplomarbeit_KOPG_TGM.nls.

(C:\Users\Michi\Favorites\Documents\Eclipse\Project\diploma\Diplomarbeit_TGM_TG
M\tex/chapter1.tex
Chapter 1.
<graphics/title/tgmlogo.pdf, id=1021, 376.40625pt x 121.20282pt>
File: graphics/title/tgmlogo.pdf Graphic file (type pdf)

<use graphics/title/tgmlogo.pdf>
Package pdftex.def Info: graphics/title/tgmlogo.pdf used on input line 20.
(pdftex.def)             Requested size: 164.77298pt x 53.05753pt.
pdfTeX warning (ext4): destination with the same identifier (name{page.1}) has 
been already used, duplicate ignored
<to be read again> 
                   \relax 
l.36 
      [1







 <C:/Users/Michi/Favorites/Documents/Eclipse/Project/diploma/Diplomarbeit_TGM_T
GM/graphics/title/tgmlogo.pdf>]
LaTeX Font Info:    Try loading font information for OMS+cmr on input line 42.

("C:\Program Files\MiKTeX 2.9\tex\latex\base\omscmr.fd"
File: omscmr.fd 1999/05/25 v2.5h Standard LaTeX font definitions
)
LaTeX Font Info:    Font shape `OMS/cmr/m/n' in size <12> not available
(Font)              Font shape `OMS/cmsy/m/n' tried instead on input line 42.
pdfTeX warning (ext4): destination with the same identifier (name{page.2}) has 
been already used, duplicate ignored
<to be read again> 
                   \relax 
l.46 \clearpage
                [2]
Underfull \hbox (badness 10000) in paragraph at lines 47--51

 []

[3

]) [4]
(C:\Users\Michi\Favorites\Documents\Eclipse\Project\diploma\Diplomarbeit_TGM_TG
M\tex/chapter2.tex
Chapter 2.

Underfull \hbox (badness 10000) in paragraph at lines 4--9

 []


Underfull \hbox (badness 10000) in paragraph at lines 4--9

 []

[5



] [6]
Underfull \hbox (badness 10000) in paragraph at lines 18--22

 []


Underfull \hbox (badness 10000) in paragraph at lines 18--22

 []


Underfull \hbox (badness 10000) in paragraph at lines 31--40

 []


Underfull \hbox (badness 10000) in paragraph at lines 31--40

 []


Underfull \hbox (badness 10000) in paragraph at lines 31--40

 []


Underfull \hbox (badness 10000) in paragraph at lines 31--40

 []

[7]
Underfull \hbox (badness 10000) in paragraph at lines 41--50

 []


Underfull \hbox (badness 10000) in paragraph at lines 41--50

 []

<graphics/ARpad.png, id=1075, 282.1815pt x 188.8875pt>
File: graphics/ARpad.png Graphic file (type png)

<use graphics/ARpad.png>
Package pdftex.def Info: graphics/ARpad.png used on input line 53.
(pdftex.def)             Requested size: 240.0061pt x 160.65599pt.

<graphics/GoogleGlasses.jpg, id=1077, 1464.93243pt x 824.26865pt>
File: graphics/GoogleGlasses.jpg Graphic file (type jpg)

<use graphics/GoogleGlasses.jpg>
Package pdftex.def Info: graphics/GoogleGlasses.jpg used on input line 62.
(pdftex.def)             Requested size: 239.98224pt x 135.03pt.

Underfull \hbox (badness 10000) in paragraph at lines 57--64

 []


Underfull \hbox (badness 10000) in paragraph at lines 57--64

 []


Underfull \vbox (badness 10000) has occurred while \output is active []

 [8 <C:/Users/Michi/Favorites/Documents/Eclipse/Project/diploma/Diplomarbeit_TG
M_TGM/graphics/ARpad.png>] <graphics/googlefunctions.png, id=1083, 642.4pt x 36
1.35pt>
File: graphics/googlefunctions.png Graphic file (type png)

<use graphics/googlefunctions.png>
Package pdftex.def Info: graphics/googlefunctions.png used on input line 94.
(pdftex.def)             Requested size: 239.9976pt x 134.99864pt.

Underfull \hbox (badness 10000) in paragraph at lines 65--96

 []


Underfull \hbox (badness 10000) in paragraph at lines 65--96

 []


Underfull \hbox (badness 10000) in paragraph at lines 65--96

 []


Underfull \hbox (badness 10000) in paragraph at lines 65--96

 []


Underfull \hbox (badness 10000) in paragraph at lines 65--96

 []


Underfull \hbox (badness 10000) in paragraph at lines 65--96

 []


Underfull \hbox (badness 10000) in paragraph at lines 65--96

 []


Underfull \hbox (badness 10000) in paragraph at lines 65--96

 []


Underfull \hbox (badness 10000) in paragraph at lines 65--96

 []


Underfull \hbox (badness 10000) in paragraph at lines 65--96

 []

[9 <C:/Users/Michi/Favorites/Documents/Eclipse/Project/diploma/Diplomarbeit_TGM
_TGM/graphics/GoogleGlasses.jpg>]
Underfull \hbox (badness 10000) in paragraph at lines 100--106

 []


Underfull \hbox (badness 10000) in paragraph at lines 100--106

 []


Underfull \hbox (badness 10000) in paragraph at lines 100--106

 []

[10 <C:/Users/Michi/Favorites/Documents/Eclipse/Project/diploma/Diplomarbeit_TG
M_TGM/graphics/googlefunctions.png>]
<graphics/smartcar.png, id=1093, 209.583pt x 253.602pt>
File: graphics/smartcar.png Graphic file (type png)

<use graphics/smartcar.png>
Package pdftex.def Info: graphics/smartcar.png used on input line 116.
(pdftex.def)             Requested size: 148.76018pt x 180.0045pt.

Underfull \hbox (badness 10000) in paragraph at lines 107--118

 []


Underfull \hbox (badness 10000) in paragraph at lines 107--118

 []

[11]
Underfull \hbox (badness 10000) in paragraph at lines 121--130

 []


Underfull \hbox (badness 10000) in paragraph at lines 121--130

 []


Underfull \hbox (badness 10000) in paragraph at lines 121--130

 []


Underfull \hbox (badness 10000) in paragraph at lines 121--130

 []

[12 <C:/Users/Michi/Favorites/Documents/Eclipse/Project/diploma/Diplomarbeit_TG
M_TGM/graphics/smartcar.png>]
Underfull \hbox (badness 10000) in paragraph at lines 131--134

 []


Underfull \hbox (badness 10000) in paragraph at lines 131--134

 []


Underfull \hbox (badness 10000) in paragraph at lines 135--138

 []


Underfull \hbox (badness 10000) in paragraph at lines 135--138

 []


Underfull \hbox (badness 10000) in paragraph at lines 139--142

 []


Underfull \hbox (badness 10000) in paragraph at lines 139--142

 []


Underfull \hbox (badness 10000) in paragraph at lines 143--146

 []


Underfull \hbox (badness 10000) in paragraph at lines 143--146

 []


Underfull \vbox (badness 1237) has occurred while \output is active []

 [13]
Underfull \hbox (badness 10000) in paragraph at lines 147--149

 []


Underfull \hbox (badness 10000) in paragraph at lines 150--152

 []


Underfull \hbox (badness 10000) in paragraph at lines 153--156

 []


Underfull \hbox (badness 10000) in paragraph at lines 153--156

 []


Underfull \vbox (badness 1360) has occurred while \output is active []

 [14]
Underfull \hbox (badness 10000) in paragraph at lines 162--165

 []


Underfull \hbox (badness 10000) in paragraph at lines 162--165

 []


Underfull \hbox (badness 10000) in paragraph at lines 168--174

 []


Underfull \hbox (badness 10000) in paragraph at lines 168--174

 []


Underfull \hbox (badness 10000) in paragraph at lines 168--174

 []


Underfull \hbox (badness 10000) in paragraph at lines 175--178

 []


Underfull \hbox (badness 10000) in paragraph at lines 175--178

 []

[15]
Underfull \hbox (badness 10000) in paragraph at lines 179--188

 []


Underfull \hbox (badness 10000) in paragraph at lines 179--188

 []


Underfull \hbox (badness 10000) in paragraph at lines 179--188

 []


Underfull \hbox (badness 10000) in paragraph at lines 179--188

 []

<graphics/statistics.png, id=1116, 622.325pt x 438.63875pt>
File: graphics/statistics.png Graphic file (type png)

<use graphics/statistics.png>
Package pdftex.def Info: graphics/statistics.png used on input line 194.
(pdftex.def)             Requested size: 239.99944pt x 169.16089pt.

Underfull \hbox (badness 10000) in paragraph at lines 189--196

 []


Underfull \hbox (badness 10000) in paragraph at lines 189--196

 []


Underfull \vbox (badness 5504) has occurred while \output is active []

 [16]
Underfull \hbox (badness 10000) in paragraph at lines 203--205

 []


Underfull \hbox (badness 10000) in paragraph at lines 208--210

 []


Underfull \hbox (badness 10000) in paragraph at lines 213--215

 []


LaTeX Warning: Citation `ObjectClass' on page 17 undefined on input line 220.

[17 <C:/Users/Michi/Favorites/Documents/Eclipse/Project/diploma/Diplomarbeit_TG
M_TGM/graphics/statistics.png>]
<graphics/java_subclass.png, id=1136, 179.92218pt x 135.50626pt>
File: graphics/java_subclass.png Graphic file (type png)

<use graphics/java_subclass.png>
Package pdftex.def Info: graphics/java_subclass.png used on input line 234.
(pdftex.def)             Requested size: 239.00797pt x 180.006pt.
 [18 <C:/Users/Michi/Favorites/Documents/Eclipse/Project/diploma/Diplomarbeit_T
GM_TGM/graphics/java_subclass.png>]
Underfull \hbox (badness 10000) in paragraph at lines 260--262

 []

[19]
<graphics/java-code-execution-process.png, id=1171, 354.32375pt x 384.43625pt>
File: graphics/java-code-execution-process.png Graphic file (type png)

<use graphics/java-code-execution-process.png>
Package pdftex.def Info: graphics/java-code-execution-process.png used on input
 line 279.
(pdftex.def)             Requested size: 411.94576pt x 446.9553pt.

Underfull \vbox (badness 10000) has occurred while \output is active []

 [20]
Underfull \vbox (badness 10000) has occurred while \output is active []

 [21 <C:/Users/Michi/Favorites/Documents/Eclipse/Project/diploma/Diplomarbeit_T
GM_TGM/graphics/java-code-execution-process.png>]
("C:\Program Files\MiKTeX 2.9\tex\latex\listings\lstlang1.sty"
File: lstlang1.sty 2014/03/04 1.5c listings language file
) [22]
<graphics/java-data-areas.png, id=1210, 373.395pt x 270.25969pt>
File: graphics/java-data-areas.png Graphic file (type png)

<use graphics/java-data-areas.png>
Package pdftex.def Info: graphics/java-data-areas.png used on input line 321.
(pdftex.def)             Requested size: 411.95505pt x 298.16907pt.
 [23 <C:/Users/Michi/Favorites/Documents/Eclipse/Project/diploma/Diplomarbeit_T
GM_TGM/graphics/java-data-areas.png>]
Underfull \hbox (badness 10000) in paragraph at lines 335--337

 []


Underfull \hbox (badness 10000) in paragraph at lines 338--340

 []

[24] <graphics/ajaxwork.png, id=1231, 428.35031pt x 243.91125pt>
File: graphics/ajaxwork.png Graphic file (type png)

<use graphics/ajaxwork.png>
Package pdftex.def Info: graphics/ajaxwork.png used on input line 346.
(pdftex.def)             Requested size: 411.94366pt x 234.56897pt.

<graphics/azurePlattform.jpg, id=1234, 668.4975pt x 423.5825pt>
File: graphics/azurePlattform.jpg Graphic file (type jpg)

<use graphics/azurePlattform.jpg>
Package pdftex.def Info: graphics/azurePlattform.jpg used on input line 357.
(pdftex.def)             Requested size: 411.95485pt x 261.02846pt.
 [25 <C:/Users/Michi/Favorites/Documents/Eclipse/Project/diploma/Diplomarbeit_T
GM_TGM/graphics/ajaxwork.png>]
<graphics/sqlserver.png, id=1244, 805.50937pt x 456.20438pt>
File: graphics/sqlserver.png Graphic file (type png)

<use graphics/sqlserver.png>
Package pdftex.def Info: graphics/sqlserver.png used on input line 378.
(pdftex.def)             Requested size: 512.1442pt x 290.05548pt.

Overfull \hbox (100.20543pt too wide) in paragraph at lines 378--379
 [][] |
 []

[26 <C:/Users/Michi/Favorites/Documents/Eclipse/Project/diploma/Diplomarbeit_TG
M_TGM/graphics/azurePlattform.jpg>] [27 <C:/Users/Michi/Favorites/Documents/Ecl
ipse/Project/diploma/Diplomarbeit_TGM_TGM/graphics/sqlserver.png>]
Overfull \hbox (30.36223pt too wide) in paragraph at lines 383--385
\T1/cmr/m/n/12 pro-vides func-tion-al-i-ties for man-ag-ing a whole busi-ness. 
Such as sales,shipping,financing,|
 []


Overfull \hbox (3.0612pt too wide) in paragraph at lines 383--385
\T1/cmr/m/n/12 project manage-ment,supply chain manage-ment,business in-tel-li-
gence,reporting and|
 []

<graphics/navSales.jpg, id=1261, 949.74825pt x 616.704pt>
File: graphics/navSales.jpg Graphic file (type jpg)

<use graphics/navSales.jpg>
Package pdftex.def Info: graphics/navSales.jpg used on input line 390.
(pdftex.def)             Requested size: 411.9488pt x 267.49243pt.
 [28 <C:/Users/Michi/Favorites/Documents/Eclipse/Project/diploma/Diplomarbeit_T
GM_TGM/graphics/navSales.jpg>]
<graphics/navTable.png, id=1268, 590.205pt x 298.86656pt>
File: graphics/navTable.png Graphic file (type png)

<use graphics/navTable.png>
Package pdftex.def Info: graphics/navTable.png used on input line 401.
(pdftex.def)             Requested size: 411.9429pt x 208.59863pt.

Overfull \hbox (2.53917pt too wide) in paragraph at lines 397--404
\T1/cmr/m/n/12 databases con-sist of sev-eral ta-bles, which can be cre-ated,ed
ited and deleted.Table's|
 []


Underfull \hbox (badness 10000) in paragraph at lines 397--404

 []

[29 <C:/Users/Michi/Favorites/Documents/Eclipse/Project/diploma/Diplomarbeit_TG
M_TGM/graphics/navTable.png>]
<graphics/customerlist.png, id=1275, 637.63219pt x 411.78844pt>
File: graphics/customerlist.png Graphic file (type png)

<use graphics/customerlist.png>
Package pdftex.def Info: graphics/customerlist.png used on input line 411.
(pdftex.def)             Requested size: 411.93608pt x 266.0319pt.

Underfull \hbox (badness 10000) in paragraph at lines 406--414

 []

[30 <C:/Users/Michi/Favorites/Documents/Eclipse/Project/diploma/Diplomarbeit_TG
M_TGM/graphics/customerlist.png>])
(C:\Users\Michi\Favorites\Documents\Eclipse\Project\diploma\Diplomarbeit_TGM_TG
M\tex/chapter3.tex
Chapter 3.

Underfull \hbox (badness 10000) in paragraph at lines 28--30

 []


Underfull \hbox (badness 10000) in paragraph at lines 33--35

 []


Underfull \hbox (badness 10000) in paragraph at lines 36--38

 []

[31



]
Underfull \hbox (badness 10000) in paragraph at lines 39--42

 []

<graphics/chapter3/1.png, id=1287, 980.66376pt x 571.13374pt>
File: graphics/chapter3/1.png Graphic file (type png)

<use graphics/chapter3/1.png>
Package pdftex.def Info: graphics/chapter3/1.png used on input line 45.
(pdftex.def)             Requested size: 411.93877pt x 239.9094pt.
 [32 <C:/Users/Michi/Favorites/Documents/Eclipse/Project/diploma/Diplomarbeit_T
GM_TGM/graphics/chapter3/1.png>]
<graphics/visualstudio.png, id=1293, 1027.58907pt x 549.55313pt>
File: graphics/visualstudio.png Graphic file (type png)

<use graphics/visualstudio.png>
Package pdftex.def Info: graphics/visualstudio.png used on input line 98.
(pdftex.def)             Requested size: 512.1469pt x 273.89542pt.

Overfull \hbox (100.20813pt too wide) in paragraph at lines 98--99
 [][] |
 []


Overfull \hbox (29.94884pt too wide) in paragraph at lines 104--105
\T1/cmr/m/n/12 Stu-dio page : http://www.visualstudio.com/products/compare-visu
al-studio-products-|
 []

[33]) [34 <C:/Users/Michi/Favorites/Documents/Eclipse/Project/diploma/Diplomarb
eit_TGM_TGM/graphics/visualstudio.png>]
(C:\Users\Michi\Favorites\Documents\Eclipse\Project\diploma\Diplomarbeit_TGM_TG
M\tex/chapter4.tex
Chapter 4.

Underfull \hbox (badness 10000) in paragraph at lines 3--5

 []


Underfull \hbox (badness 10000) in paragraph at lines 6--8

 []


Underfull \hbox (badness 10000) in paragraph at lines 12--14

 []

<graphics/chapter4/1.png, id=1305, 333.245pt x 360.34625pt>
File: graphics/chapter4/1.png Graphic file (type png)

<use graphics/chapter4/1.png>
Package pdftex.def Info: graphics/chapter4/1.png used on input line 17.
(pdftex.def)             Requested size: 205.96938pt x 222.72505pt.


LaTeX Warning: `h' float specifier changed to `ht'.

[35



] ("C:\Program Files\MiKTeX 2.9\tex\latex\listings\lstlang1.sty"
File: lstlang1.sty 2014/03/04 1.5c listings language file
)
("C:\Program Files\MiKTeX 2.9\tex\latex\listings\lstmisc.sty"
File: lstmisc.sty 2014/03/04 1.5c (Carsten Heinz)
)
Underfull \hbox (badness 10000) in paragraph at lines 23--28

 []


Overfull \hbox (74.39668pt too wide) in paragraph at lines 29--30
[][][][][][][][][][][][][][][][][][][][][][][][][][][][][][][][][][][][][][][][
][][][][][][][][][][][][][][][][][][][][][][][][][][][][][][][][][][][][][][] |

 []


Overfull \hbox (151.92842pt too wide) in paragraph at lines 30--31
[][][][][][][][][][][][][][][][][][][][][][][][][][][][][][][][][][][][][][][][
][][][][][][][][][][][][][][][][][][][][][][][][][][][][][][][][][][][][][] |
 []


Overfull \hbox (194.21846pt too wide) in paragraph at lines 31--32
[][][][][][][][][][][][][][][][][][][][][][][][][][][][][][][][][][][][][][][][
][][][][][][][][][][][][][][][][][][][][][][][][][][][][][][][][][][][][][][][]
[] |
 []


Overfull \hbox (95.5417pt too wide) in paragraph at lines 32--33
[][][][][][][][][][][][][][][][][][][][][][][][][][][][][][][][][][][][][][][][
][][][][][][][][][][][][][][][][][][][][][][][][][][][][][][][][][][][][][][][]
 |
 []


Overfull \hbox (74.39668pt too wide) in paragraph at lines 33--34
[][][][][][][][][][][][][][][][][][][][][][][][][][][][][][][][][][][][][][][][
][][][][][][][][][][][][][][][][][][][][][][][][][][][][][][][][][][][] |
 []

LaTeX Font Info:    Try loading font information for T1+DejaVuSansMono on input
 line 34.
LaTeX Font Info:    No file T1DejaVuSansMono.fd. on input line 34.

LaTeX Font Warning: Font shape `T1/DejaVuSansMono/m/n' undefined
(Font)              using `T1/cmr/m/n' instead on input line 34.


Underfull \hbox (badness 10000) in paragraph at lines 43--45

 []


Underfull \hbox (badness 10000) in paragraph at lines 60--62

 []

[36 <C:/Users/Michi/Favorites/Documents/Eclipse/Project/diploma/Diplomarbeit_TG
M_TGM/graphics/chapter4/1.png>]
Underfull \hbox (badness 10000) in paragraph at lines 63--65

 []


Underfull \hbox (badness 10000) in paragraph at lines 66--68

 []


Underfull \hbox (badness 10000) in paragraph at lines 71--73

 []

<graphics/chapter4/2.png, id=1327, 325.215pt x 389.455pt>
File: graphics/chapter4/2.png Graphic file (type png)

<use graphics/chapter4/2.png>
Package pdftex.def Info: graphics/chapter4/2.png used on input line 76.
(pdftex.def)             Requested size: 205.96938pt x 246.65936pt.
 [37 <C:/Users/Michi/Favorites/Documents/Eclipse/Project/diploma/Diplomarbeit_T
GM_TGM/graphics/chapter4/2.png>]
Underfull \hbox (badness 10000) in paragraph at lines 82--85

 []


Overfull \hbox (39.15498pt too wide) in paragraph at lines 86--87
[][][][][][][][][][][][][][][][][][][][][][][][][][][][][][][][][][][][][][][][
][][][][][][][][][][][][][][][][][][][][][][][][][][][][][][][][][][][][][] |
 []


Underfull \hbox (badness 10000) in paragraph at lines 92--98

 []


Overfull \hbox (18.00996pt too wide) in paragraph at lines 99--100
[][][][][][][][][][][][][][][][][][][][][][][][][][][][][][][][][][][][][][][][
][][][][][][][][][][][][][][][][][][] |
 []


Overfull \hbox (299.94356pt too wide) in paragraph at lines 100--101
[][][][][][][][][][][][][][][][][][][][][][][][][][][][][][][][][][][][][][][][
][][][][][][][][][][][][][][][][][][][][][][][][][][][][][][][][][][][][][][][]
[][][][][][][][][][][][][][][][][][][][][][][] |
 []


Underfull \hbox (badness 10000) in paragraph at lines 108--110

 []


Underfull \hbox (badness 10000) in paragraph at lines 111--113

 []


Underfull \hbox (badness 10000) in paragraph at lines 114--116

 []


Underfull \hbox (badness 10000) in paragraph at lines 117--119

 []

<graphics/chapter4/3.png, id=1332, 333.245pt x 422.57875pt>
File: graphics/chapter4/3.png Graphic file (type png)

<use graphics/chapter4/3.png>
Package pdftex.def Info: graphics/chapter4/3.png used on input line 122.
(pdftex.def)             Requested size: 205.96938pt x 261.19011pt.


LaTeX Warning: `h' float specifier changed to `ht'.

[38]
Underfull \hbox (badness 10000) in paragraph at lines 131--134

 []


Underfull \hbox (badness 10000) in paragraph at lines 142--144

 []

[39 <C:/Users/Michi/Favorites/Documents/Eclipse/Project/diploma/Diplomarbeit_TG
M_TGM/graphics/chapter4/3.png>]
Underfull \hbox (badness 10000) in paragraph at lines 156--158

 []


Underfull \hbox (badness 10000) in paragraph at lines 163--165

 []


Underfull \hbox (badness 10000) in paragraph at lines 166--169

 []


Overfull \hbox (18.00996pt too wide) in paragraph at lines 176--179
[][][][][][][][][][][][][][][][][][][][] |
 []


Overfull \hbox (814.47237pt too wide) in paragraph at lines 182--183
[][][][][][][][][][][][][][][][][][][][][][][][][][][][][][][][][][][][][][][][
][][][][][][][][][][][][][][][][][][][][][][][][][][][][][][][][][][][][][][][]
[][][][][][][][][][][][][][][][][][][][][][][][][][][][][][][][][][][][][][][][
][][][][][] |
 []


Underfull \hbox (badness 10000) in paragraph at lines 197--200

 []

[40]
Underfull \hbox (badness 10000) in paragraph at lines 211--213

 []


Underfull \hbox (badness 10000) in paragraph at lines 225--227

 []


Underfull \hbox (badness 10000) in paragraph at lines 239--241

 []

[41]
Underfull \hbox (badness 10000) in paragraph at lines 262--269

 []


Overfull \hbox (511.39375pt too wide) in paragraph at lines 281--282
[][][][][][][][][][][][][][][][][][][][][][][][][][][][][][][][][][][][][][][][
][][][][][][][][][][][][][][][][][][][][][][][][][][][][][][][][][][][][][][][]
[][][][][][][][][] |
 []


Overfull \hbox (292.89522pt too wide) in paragraph at lines 287--288
[][][][][][][][][][][][][][][][][][][][][][][][][][][][][][][][][][] |
 []


Underfull \hbox (badness 10000) in paragraph at lines 299--301

 []

[42]
Overfull \hbox (574.82881pt too wide) in paragraph at lines 309--310
[][][][][][][][][][][][][][][][][][][][][][][][][][][][][][][][][][][][][][][][
][][][][][][][][][][][][][][][][][][][][][][][][][][][][][][][][][][][][][][][]
[][][][][][][][][] |
 []


Underfull \hbox (badness 10000) in paragraph at lines 322--324

 []


Overfull \hbox (25.0583pt too wide) in paragraph at lines 332--333
[][][][][][][][][][][][][][][][][][][][][][][][][][][][][][][][][][][][][][][][
][][][][][][][][][][][][][][][][][][][][][][] |
 []


Underfull \hbox (badness 10000) in paragraph at lines 336--338

 []


Overfull \hbox (285.84688pt too wide) in paragraph at lines 341--342
[][][][][][][][][][][][][][][][][][][][][][][][][][][][][][][][][][][][][][][][
][][][][][][][][][][][][] |
 []

[43]
Underfull \hbox (badness 10000) in paragraph at lines 348--350

 []


Underfull \hbox (badness 10000) in paragraph at lines 357--359

 []


Overfull \hbox (25.0583pt too wide) in paragraph at lines 367--368
[][][][][][][][][][][][][][][][][][][][][][][][][][][] |
 []


Overfull \hbox (32.10664pt too wide) in paragraph at lines 368--369
[][][][][][][][][][][][][][][][][][][][][][][][][][][] |
 []


Overfull \hbox (440.91035pt too wide) in paragraph at lines 378--379
[][][][][][][][][][][][][][][][][][][][][][][][][][][][][][][][][][][][][][][][
][][][][][][][][][][][][][] |
 []


Overfull \hbox (166.0251pt too wide) in paragraph at lines 380--381
[][][][][][][][][][][][][][][][][][][][][][][][][][][] |
 []


Overfull \hbox (158.97676pt too wide) in paragraph at lines 381--382
[][][][][][][][][][][][][][][][][][][][][][][][][][][] |
 []


Overfull \hbox (137.83174pt too wide) in paragraph at lines 384--385
[][][][][][][][][][][][][][][][][][][][][][][][][][][][] |
 []


Overfull \hbox (144.88008pt too wide) in paragraph at lines 385--387
[][][][][][][][][][][][][][][][][][][][][][][][][][][][] |
 []


Overfull \hbox (81.44502pt too wide) in paragraph at lines 388--389
[][][][][][][][][][][][][][][][] |
 []

[44]
Overfull \hbox (194.21846pt too wide) in paragraph at lines 392--393
[][][][][][][][][][][][][][][][][][][][][][][][][][][] |
 []


Overfull \hbox (201.2668pt too wide) in paragraph at lines 393--394
[][][][][][][][][][][][][][][][][][][][][][][][][][][] |
 []


Overfull \hbox (95.5417pt too wide) in paragraph at lines 394--395
[][][][][][][][][][][][][][][][][][] |
 []


Overfull \hbox (194.21846pt too wide) in paragraph at lines 397--398
[][][][][][][][][][][][][][][][][][][][][][][][][][][][][][][][][][][][][][][][
][][][][][][][][][][][][][][][][][][][][][][][] |
 []


Underfull \hbox (badness 10000) in paragraph at lines 406--408

 []


Underfull \hbox (badness 10000) in paragraph at lines 418--420

 []


Underfull \hbox (badness 10000) in paragraph at lines 421--423

 []

[45]
Underfull \hbox (badness 10000) in paragraph at lines 424--426

 []

<graphics/chapter4/20.png, id=1497, 481.8pt x 245.91875pt>
File: graphics/chapter4/20.png Graphic file (type png)

<use graphics/chapter4/20.png>
Package pdftex.def Info: graphics/chapter4/20.png used on input line 436.
(pdftex.def)             Requested size: 370.74237pt x 189.23793pt.

Underfull \hbox (badness 10000) in paragraph at lines 442--444

 []


Underfull \hbox (badness 10000) in paragraph at lines 452--454

 []


Underfull \hbox (badness 10000) in paragraph at lines 461--464

 []

[46 <C:/Users/Michi/Favorites/Documents/Eclipse/Project/diploma/Diplomarbeit_TG
M_TGM/graphics/chapter4/20.png>]
Underfull \hbox (badness 10000) in paragraph at lines 472--474

 []

[47]
Underfull \hbox (badness 10000) in paragraph at lines 477--479

 []

<graphics/chapter4/4.png, id=1518, 333.245pt x 422.57875pt>
File: graphics/chapter4/4.png Graphic file (type png)

<use graphics/chapter4/4.png>
Package pdftex.def Info: graphics/chapter4/4.png used on input line 482.
(pdftex.def)             Requested size: 205.96938pt x 261.19011pt.

Overfull \hbox (158.97676pt too wide) in paragraph at lines 491--492
[][][][][][][][][][][][][][][][][][][][][][][][][][][][][][][][][][][][][][][][
][][][][][][][][][][][][][][][][][][][][][][][][][] |
 []


Overfull \hbox (222.41182pt too wide) in paragraph at lines 492--493
[][][][][][][][][][][][][][][][][][][][][][][][][][][][][][][][][][][][][][][][
][][][][][][][][][][][][][][][][][][][][][][][][][] |
 []


Overfull \hbox (243.55684pt too wide) in paragraph at lines 493--494
[][][][][][][][][][][][][][][][][][][][][][][][][][][][][][][][][][][][][][][][
][][][][][][][][][][][][][][][][][][][][][][][][][][][][][][][][][][][][][][][]
[][] |
 []


Overfull \hbox (60.3pt too wide) in paragraph at lines 494--495
[][][][][][][][][][][][][][][][][][][][][][][][][][][][][][][][][][][][][][][][
][][][][][][][][][][][][][][][][][][][][][][][] |
 []


Overfull \hbox (158.97676pt too wide) in paragraph at lines 495--496
[][][][][][][][][][][][][][][][][][][][][][][][][][][][][][][][][][][][][][][][
][][][][][][][][][][][][][][][][][][][][][][][][][][][][][][][][][][][][][][] |

 []


Overfull \hbox (151.92842pt too wide) in paragraph at lines 496--497
[][][][][][][][][][][][][][][][][][][][][][][][][][][][][][][][][][][][][][][][
][][][][][][][][][][][][][][][][][][][][][][][][][] |
 []


Overfull \hbox (899.05244pt too wide) in paragraph at lines 497--498
[][][][][][][][][][][][][][][][][][][][][][][][][][][][][][][][][][][][][][][][
][][][][][][][][][][][][][][][][][][][][][][][][][][][][][][][][][][][][][][][]
[][][][][][][][][][][][][][][][][][][][][][][][][][][][][][][][][][][][][][][][
][][][][][][] |
 []

<graphics/chapter4/5.png, id=1519, 406.51875pt x 722.7pt>
File: graphics/chapter4/5.png Graphic file (type png)

<use graphics/chapter4/5.png>
Package pdftex.def Info: graphics/chapter4/5.png used on input line 511.
(pdftex.def)             Requested size: 164.77298pt x 292.92348pt.
 [48 <C:/Users/Michi/Favorites/Documents/Eclipse/Project/diploma/Diplomarbeit_T
GM_TGM/graphics/chapter4/4.png>]
<graphics/chapter4/6.png, id=1533, 406.51875pt x 722.7pt>
File: graphics/chapter4/6.png Graphic file (type png)

<use graphics/chapter4/6.png>
Package pdftex.def Info: graphics/chapter4/6.png used on input line 522.
(pdftex.def)             Requested size: 164.77298pt x 292.92348pt.


LaTeX Warning: `h' float specifier changed to `ht'.

[49 <C:/Users/Michi/Favorites/Documents/Eclipse/Project/diploma/Diplomarbeit_TG
M_TGM/graphics/chapter4/5.png>]
<graphics/chapter4/7.png, id=1538, 255.95625pt x 292.09125pt>
File: graphics/chapter4/7.png Graphic file (type png)

<use graphics/chapter4/7.png>
Package pdftex.def Info: graphics/chapter4/7.png used on input line 533.
(pdftex.def)             Requested size: 205.96938pt x 235.04604pt.


LaTeX Warning: `h' float specifier changed to `ht'.

[50 <C:/Users/Michi/Favorites/Documents/Eclipse/Project/diploma/Diplomarbeit_TG
M_TGM/graphics/chapter4/6.png>]
<graphics/chapter4/8.png, id=1543, 178.704pt x 317.988pt>
File: graphics/chapter4/8.png Graphic file (type png)

<use graphics/chapter4/8.png>
Package pdftex.def Info: graphics/chapter4/8.png used on input line 544.
(pdftex.def)             Requested size: 164.77298pt x 293.19783pt.


LaTeX Warning: `h' float specifier changed to `ht'.

[51 <C:/Users/Michi/Favorites/Documents/Eclipse/Project/diploma/Diplomarbeit_TG
M_TGM/graphics/chapter4/7.png>]
Underfull \hbox (badness 10000) in paragraph at lines 551--553

 []

<graphics/chapter4/9.png, id=1549, 450.68375pt x 704.6325pt>
File: graphics/chapter4/9.png Graphic file (type png)

<use graphics/chapter4/9.png>
Package pdftex.def Info: graphics/chapter4/9.png used on input line 556.
(pdftex.def)             Requested size: 164.77298pt x 257.62418pt.


LaTeX Warning: `h' float specifier changed to `ht'.

[52 <C:/Users/Michi/Favorites/Documents/Eclipse/Project/diploma/Diplomarbeit_TG
M_TGM/graphics/chapter4/8.png>]
Underfull \hbox (badness 10000) in paragraph at lines 564--566

 []

<graphics/chapter4/10.png, id=1554, 406.51875pt x 722.7pt>
File: graphics/chapter4/10.png Graphic file (type png)

<use graphics/chapter4/10.png>
Package pdftex.def Info: graphics/chapter4/10.png used on input line 570.
(pdftex.def)             Requested size: 0.0pt x 0.0pt.
 [53 <C:/Users/Michi/Favorites/Documents/Eclipse/Project/diploma/Diplomarbeit_T
GM_TGM/graphics/chapter4/9.png> <C:/Users/Michi/Favorites/Documents/Eclipse/Pro
ject/diploma/Diplomarbeit_TGM_TGM/graphics/chapter4/10.png>]
Underfull \hbox (badness 10000) in paragraph at lines 577--579

 []


Overfull \hbox (729.89229pt too wide) in paragraph at lines 582--583
[][][][][][][][][][][][][][][][][][][][][][][][][][][][][][][][][][][][][][][][
][][][][][][][][][][][][][][][][][][][][][][][][][][][][][][][][][][][][][][][]
[][][][][][][][][][][][][][][][][][][][][][][][][][][][][][][][][][][][][][][][
][][][][][] |
 []


Underfull \hbox (badness 10000) in paragraph at lines 585--587

 []

<graphics/chapter4/11.png, id=1560, 357.335pt x 43.16125pt>
File: graphics/chapter4/11.png Graphic file (type png)

<use graphics/chapter4/11.png>
Package pdftex.def Info: graphics/chapter4/11.png used on input line 590.
(pdftex.def)             Requested size: 247.16577pt x 29.85439pt.

<graphics/chapter4/12.png, id=1561, 332.24126pt x 44.165pt>
File: graphics/chapter4/12.png Graphic file (type png)

<use graphics/chapter4/12.png>
Package pdftex.def Info: graphics/chapter4/12.png used on input line 599.
(pdftex.def)             Requested size: 247.16577pt x 32.85611pt.

Underfull \hbox (badness 10000) in paragraph at lines 609--611

 []

<graphics/chapter4/13.png, id=1562, 244.915pt x 155.58125pt>
File: graphics/chapter4/13.png Graphic file (type png)

<use graphics/chapter4/13.png>
Package pdftex.def Info: graphics/chapter4/13.png used on input line 614.
(pdftex.def)             Requested size: 164.77298pt x 104.67332pt.


LaTeX Warning: `h' float specifier changed to `ht'.


Underfull \hbox (badness 10000) in paragraph at lines 619--621

 []

<graphics/chapter4/14.png, id=1563, 265.99374pt x 264.99pt>
File: graphics/chapter4/14.png Graphic file (type png)

<use graphics/chapter4/14.png>
Package pdftex.def Info: graphics/chapter4/14.png used on input line 624.
(pdftex.def)             Requested size: 164.77298pt x 164.15462pt.


LaTeX Warning: `h' float specifier changed to `ht'.

[54 <C:/Users/Michi/Favorites/Documents/Eclipse/Project/diploma/Diplomarbeit_TG
M_TGM/graphics/chapter4/11.png> <C:/Users/Michi/Favorites/Documents/Eclipse/Pro
ject/diploma/Diplomarbeit_TGM_TGM/graphics/chapter4/12.png>]
Underfull \hbox (badness 10000) in paragraph at lines 630--632

 []


Overfull \hbox (116.68672pt too wide) in paragraph at lines 634--635
[][][][][][][][][][][][][][][][][][][][][][][][][][][][][][][][][][][][][][][][
][][][][][][][][][][][][][][][][][][][][][][][][][][][][][][][][][][][][][][][]
[][][] |
 []


Overfull \hbox (137.83174pt too wide) in paragraph at lines 635--636
[][][][][][][][][][][][][][][][][][][][][][][][][][][][][][][][][][][][][][][][
][][][][][][][][][][][][][][][][][][][][][][][][][][][][][][][][][][][][][][][]
[] |
 []


Overfull \hbox (187.17012pt too wide) in paragraph at lines 636--637
[][][][][][][][][][][][][][][][][][][][][][][][][][][][][][][][][][][][][][][][
][][][][][][][][][][][][][][][][][][][][][][][][][][][][][][][][][][][][][][][]
[][][] |
 []


Overfull \hbox (144.88008pt too wide) in paragraph at lines 637--638
[][][][][][][][][][][][][][][][][][][][][][][][][][][][][][][][][][][][][][][][
][][][][][][][][][][][][][][][][][][][][][][][][][][][][][][][][][][][][][][][]
[][] |
 []


Underfull \hbox (badness 10000) in paragraph at lines 641--643

 []

[55 <C:/Users/Michi/Favorites/Documents/Eclipse/Project/diploma/Diplomarbeit_TG
M_TGM/graphics/chapter4/13.png> <C:/Users/Michi/Favorites/Documents/Eclipse/Pro
ject/diploma/Diplomarbeit_TGM_TGM/graphics/chapter4/14.png>]
<graphics/chapter4/15.png, id=1579, 406.51875pt x 722.7pt>
File: graphics/chapter4/15.png Graphic file (type png)

<use graphics/chapter4/15.png>
Package pdftex.def Info: graphics/chapter4/15.png used on input line 650.
(pdftex.def)             Requested size: 164.77298pt x 292.92348pt.

Underfull \hbox (badness 10000) in paragraph at lines 655--657

 []


Underfull \hbox (badness 10000) in paragraph at lines 659--662

 []

[56 <C:/Users/Michi/Favorites/Documents/Eclipse/Project/diploma/Diplomarbeit_TG
M_TGM/graphics/chapter4/15.png>]
Underfull \hbox (badness 10000) in paragraph at lines 669--671

 []


Underfull \hbox (badness 10000) in paragraph at lines 677--679

 []


Underfull \hbox (badness 10000) in paragraph at lines 680--683

 []


Overfull \hbox (426.81367pt too wide) in paragraph at lines 688--689
[][][][][][][][][][][][][][][][][][][][][][][][][][][][][][][][][][][][][][][][
][][][][][][][][][][][][][][][][][][][][][][][][][][][][][][][][][][][][][][][]
[][][][][][][][][][][][][][][][][][][][][][][][][][][][][][][][][][][][][][][][
][][][][][][][][][][][] |
 []


Overfull \hbox (927.2458pt too wide) in paragraph at lines 689--690
[][][][][][][][][][][][][][][][][][][][][][][][][][][][][][][][][][][][][][][][
][][][][][][][][][][][][][][][][][][][][][][][][][][][][][][][][][][][][][][][]
[][][][][][][][][][][][][][][][][][][][][][][][][][][][][][][][][][][][][][][][
][][][][][][][][][][][][][][][][][][][][][][][][][][][][][][][][][][][][][][][]
[][][][][][][][][][][][][][][][][][][][][][][][][][][][][][][][][][][][][][][][
][][][][][][][][][][][][] |
 []


Overfull \hbox (10.96162pt too wide) in paragraph at lines 690--691
[][][][][][][][][][][][][][][][][][][][][][][][][][][][][][][][] |
 []


Overfull \hbox (328.13692pt too wide) in paragraph at lines 691--692
[][][][][][][][][][][][][][][][][][][][][][][][][][][][][][][][][][][][][][][][
][][][][][][][][][][][][][][][][][][][][][][][][][][][][][][][][][][][][][][][]
[][][][][][][][][][][][][][][][][][][][][][][][] |
 []


Overfull \hbox (363.37862pt too wide) in paragraph at lines 692--693
[][][][][][][][][][][][][][][][][][][][][][][][][][][][][][][][][][][][][][][][
][][][][][][][][][][][][][][][][][][][][][][][][][][][][][][][][][][][][][][][]
 |
 []


Overfull \hbox (969.53584pt too wide) in paragraph at lines 693--694
[][][][][][][][][][][][][][][][][][][][][][][][][][][][][][][][][][][][][][][][
][][][][][][][][][][][][][][][][][][][][][][][][][][][][][][][][][][][][][][][]
[][][][][][][][][][][][][][][][][][][][][][][][][][][][][][][][][][][][][][][][
][][][][][][][][][][][][][][][][][][][][][][][][][][][][][][][][][][][][][][][]
[][][][][][][][][][][][][][][][][][][][][][][][][][][][][][][][][][][][][][][][
][][][][][][][][][][] |
 []


Overfull \hbox (32.10664pt too wide) in paragraph at lines 694--695
[][][][][][][][][][][][][][][][][][][][][][][][][][][][][][][][][][][][][][][][
][][][][][][][][][][][][][][][][][][][][][][][][][][][] |
 []


Overfull \hbox (222.41182pt too wide) in paragraph at lines 700--701
[][][][][][][][][][][][][][][][][][][][][][][][][][][][][][][][][][][][][][][][
][][][][][][][][][][][][][][][][][][][][][][][][][][][][][][][][][][][][][][] |

 []

<graphics/chapter4/16.png, id=1584, 348.30125pt x 55.20625pt>
File: graphics/chapter4/16.png Graphic file (type png)

<use graphics/chapter4/16.png>
Package pdftex.def Info: graphics/chapter4/16.png used on input line 709.
(pdftex.def)             Requested size: 288.35587pt x 45.70659pt.


LaTeX Warning: `h' float specifier changed to `ht'.


Underfull \hbox (badness 10000) in paragraph at lines 714--716

 []

[57]
Underfull \hbox (badness 10000) in paragraph at lines 724--726

 []


Overfull \hbox (166.0251pt too wide) in paragraph at lines 741--742
[][][][][][][][][][][][][][][][][][][][][][][][][][][][][][][][][][][][][][][][
][][][][][][][][][][][][][][][][][][][][][][][][][][][][][][][][][][][][][][][]
[][] |
 []


Overfull \hbox (166.0251pt too wide) in paragraph at lines 742--743
[][][][][][][][][][][][][][][][][][][][][][][][][][][][][][][][][][][][][][][][
][][][][][][][][][][][][][][][][][][][][][][][][][][][][][][][][][][][][][][][]
[][] |
 []

[58 <C:/Users/Michi/Favorites/Documents/Eclipse/Project/diploma/Diplomarbeit_TG
M_TGM/graphics/chapter4/16.png>]
Overfull \hbox (95.5417pt too wide) in paragraph at lines 758--759
[][][][][][][][][][][][][][][][][][][][][][][][][][][] |
 []


Overfull \hbox (109.63838pt too wide) in paragraph at lines 759--760
[][][][][][][][][][][][][][][][][][][][][][][][][][][] |
 []


Underfull \hbox (badness 10000) in paragraph at lines 778--780

 []


Overfull \hbox (39.15498pt too wide) in paragraph at lines 787--789
[][][][][][][][][][][][][][][][][][][][][][][][][][][][] |
 []


Overfull \hbox (123.73506pt too wide) in paragraph at lines 791--792
[][][][][][][][][][][][][][][][][][][][][][][] |
 []

<graphics/chapter4/17.png, id=1643, 356.33125pt x 544.0325pt>
File: graphics/chapter4/17.png Graphic file (type png)

<use graphics/chapter4/17.png>
Package pdftex.def Info: graphics/chapter4/17.png used on input line 802.
(pdftex.def)             Requested size: 164.77298pt x 251.56958pt.
) [59] [60 <C:/Users/Michi/Favorites/Documents/Eclipse/Project/diploma/Diplomar
beit_TGM_TGM/graphics/chapter4/17.png>]
(C:\Users\Michi\Favorites\Documents\Eclipse\Project\diploma\Diplomarbeit_TGM_TG
M\tex/chapter5.tex
Chapter 5.

Underfull \hbox (badness 10000) in paragraph at lines 8--10

 []


Underfull \hbox (badness 10000) in paragraph at lines 12--14

 []

[61



]
Underfull \hbox (badness 10000) in paragraph at lines 44--48

 []


Underfull \hbox (badness 10000) in paragraph at lines 50--53

 []


Underfull \hbox (badness 10000) in paragraph at lines 59--61

 []

("C:\Program Files\MiKTeX 2.9\tex\latex\listings\lstlang1.sty"
File: lstlang1.sty 2014/03/04 1.5c listings language file
)
Overfull \hbox (10.96162pt too wide) in paragraph at lines 67--68
[][][][][][][][][][][][][][][][][][][][][][][][][][][][][][][][][][][][] |
 []


Overfull \hbox (25.0583pt too wide) in paragraph at lines 68--69
[][][][][][][][][][][][][][][][][][][][][][][][][][][][][][][][][][][][] |
 []


Overfull \hbox (81.44502pt too wide) in paragraph at lines 69--70
[][][][][][][][][][][][][][][][][][][][][][][][][][][][][][][][][][][][][] |
 []


Overfull \hbox (53.25166pt too wide) in paragraph at lines 70--71
[][][][][][][][][][][][][][][][][][][][][][][][][][][][][][][][][][][][] |
 []

[62]
Underfull \hbox (badness 10000) in paragraph at lines 82--84

 []


Overfull \hbox (151.92842pt too wide) in paragraph at lines 94--95
[][][][][][][][][][][][][][][][][][][][][][][][][][][][][][][][][][][][][][][][
][][][][][][][][] |
 []


Underfull \hbox (badness 10000) in paragraph at lines 104--106

 []


Underfull \hbox (badness 10000) in paragraph at lines 122--124

 []

[63]
Overfull \hbox (14.0347pt too wide) in paragraph at lines 158--159
\T1/DejaVuSansMono/m/n/12 for en-ter-prise, mar-ket-ing, re-tail, pub-lish-ing 
and in-dus-trial cases, Metaio's|
 []

[64]
Underfull \hbox (badness 10000) in paragraph at lines 177--179

 []


Underfull \hbox (badness 10000) in paragraph at lines 185--187

 []


Underfull \hbox (badness 10000) in paragraph at lines 188--190

 []

<graphics/tracking.png, id=1757, 1927.2pt x 1084.05pt>
File: graphics/tracking.png Graphic file (type png)

<use graphics/tracking.png>
Package pdftex.def Info: graphics/tracking.png used on input line 203.
(pdftex.def)             Requested size: 411.92859pt x 231.70982pt.
 [65]
<graphics/arel.png, id=1772, 481.04718pt x 417.05812pt>
File: graphics/arel.png Graphic file (type png)

<use graphics/arel.png>
Package pdftex.def Info: graphics/arel.png used on input line 214.
(pdftex.def)             Requested size: 411.94554pt x 357.1484pt.

Underfull \hbox (badness 10000) in paragraph at lines 218--220

 []


Underfull \hbox (badness 10000) in paragraph at lines 221--223

 []


Underfull \hbox (badness 10000) in paragraph at lines 228--230

 []

[66 <C:/Users/Michi/Favorites/Documents/Eclipse/Project/diploma/Diplomarbeit_TG
M_TGM/graphics/tracking.png>] [67 <C:/Users/Michi/Favorites/Documents/Eclipse/P
roject/diploma/Diplomarbeit_TGM_TGM/graphics/arel.png>]
Overfull \hbox (88.49336pt too wide) in paragraph at lines 239--240
[][][][][][][][][][][][][][][][][][][][][][][][][][][][][][][][][] |
 []


Overfull \hbox (18.00996pt too wide) in paragraph at lines 240--241
[][][][][][][][][][][][][][][][] |
 []


Overfull \hbox (292.89522pt too wide) in paragraph at lines 242--243
[][][][][][][][][][][][][][] |
 []


Overfull \hbox (229.46016pt too wide) in paragraph at lines 245--246
[][][][][][][][][][][][][][][] |
 []


Overfull \hbox (208.31514pt too wide) in paragraph at lines 247--248
[][][][][][][][][][][][][][] |
 []


Overfull \hbox (208.31514pt too wide) in paragraph at lines 248--249
[][][][][][][][][][][][][][] |
 []


Overfull \hbox (201.2668pt too wide) in paragraph at lines 249--250
[][][][][][][][][][][][][][][][][] |
 []


Overfull \hbox (60.3pt too wide) in paragraph at lines 250--251
[][][][][][][][][][][][][][] |
 []


Overfull \hbox (342.2336pt too wide) in paragraph at lines 251--252
[][][][][][][][][][][][][][] |
 []


Overfull \hbox (222.41182pt too wide) in paragraph at lines 252--253
[][][][][][][][][][][][][][] |
 []


Underfull \hbox (badness 10000) in paragraph at lines 262--264

 []


Underfull \hbox (badness 10000) in paragraph at lines 266--268

 []

[68]
Overfull \hbox (109.63838pt too wide) in paragraph at lines 272--273
[][][][][][][][][][][][][][][][][][][][][][][][][][][][][] |
 []


Overfull \hbox (215.36348pt too wide) in paragraph at lines 279--280
[][][][][][][][][][][][][][][][][][][][][][][][][][][][][][][][][][][][][][][][
][][][][][][][][][][][][][][][][][][][][][][][][][][][][][] |
 []


Overfull \hbox (10.96162pt too wide) in paragraph at lines 280--281
[][][][][][][][][][] |
 []


Overfull \hbox (18.00996pt too wide) in paragraph at lines 295--296
[][][][][][][][][][][][][][][][][][][][][][][][][][] |
 []


Overfull \hbox (60.3pt too wide) in paragraph at lines 297--298
[][][][][][][][][][][][][][][][][][][][] |
 []


Overfull \hbox (32.10664pt too wide) in paragraph at lines 299--300
[][][][][][][][][][][][][][][][][][][][][][][][][] |
 []

[69]
Underfull \hbox (badness 10000) in paragraph at lines 319--321

 []


Overfull \hbox (18.00996pt too wide) in paragraph at lines 328--329
[][][][][][][][][][][][][][][][][][][][][][][][][][][][][][][] |
 []


Overfull \hbox (39.15498pt too wide) in paragraph at lines 347--348
[][][][][][][][][][][][][][][][][][][] |
 []

[70]
Overfull \hbox (95.5417pt too wide) in paragraph at lines 355--356
[][][][][][][][][][][][][][][][][][][][][][][][] |
 []

) [71]
(C:\Users\Michi\Favorites\Documents\Eclipse\Project\diploma\Diplomarbeit_TGM_TG
M\tex/chapter6.tex [72



]
Chapter 6.

Underfull \hbox (badness 10000) in paragraph at lines 6--8

 []


Underfull \hbox (badness 10000) in paragraph at lines 10--12

 []

<graphics/dynamic.png, id=1891, 588.69937pt x 553.31718pt>
File: graphics/dynamic.png Graphic file (type png)

<use graphics/dynamic.png>
Package pdftex.def Info: graphics/dynamic.png used on input line 17.
(pdftex.def)             Requested size: 411.94301pt x 387.1843pt.
 [73] [74 <C:/Users/Michi/Favorites/Documents/Eclipse/Project/diploma/Diplomarb
eit_TGM_TGM/graphics/dynamic.png>]
Overfull \hbox (25.0583pt too wide) in paragraph at lines 36--37
[][][][][][][][][][][][][][][][][][][][][][][][][][][][][][][][][][][][][][][][
][][][][][][][][][][][][][][][][][][][][][][][][][][][][][][][][][][][][][][][]
[][][][][][][] |
 []


Overfull \hbox (278.79854pt too wide) in paragraph at lines 39--40
[][][][][][][][][][][][][][][][][][][][][][][][][][][][][][][][][][][][][][][][
][][] |
 []

) [75]
(C:\Users\Michi\Favorites\Documents\Eclipse\Project\diploma\Diplomarbeit_TGM_TG
M\tex/chapter7.tex [76



]
Chapter 7.

Package hyperref Warning: Difference (2) between bookmark levels is greater 
(hyperref)                than one, level fixed on input line 3.

<graphics/networkoverview.png, id=1925, 719.68875pt x 399.74344pt>
File: graphics/networkoverview.png Graphic file (type png)

<use graphics/networkoverview.png>
Package pdftex.def Info: graphics/networkoverview.png used on input line 8.
(pdftex.def)             Requested size: 411.95096pt x 228.81375pt.
 [77 <C:/Users/Michi/Favorites/Documents/Eclipse/Project/diploma/Diplomarbeit_T
GM_TGM/graphics/networkoverview.png>]
Underfull \hbox (badness 10000) in paragraph at lines 15--17

 []


Underfull \hbox (badness 10000) in paragraph at lines 15--17

 []

<graphics/webref.png, id=1931, 182.18062pt x 166.37157pt>
File: graphics/webref.png Graphic file (type png)

<use graphics/webref.png>
Package pdftex.def Info: graphics/webref.png used on input line 28.
(pdftex.def)             Requested size: 199.17615pt x 181.89227pt.
 [78 <C:/Users/Michi/Favorites/Documents/Eclipse/Project/diploma/Diplomarbeit_T
GM_TGM/graphics/webref.png>]
("C:\Program Files\MiKTeX 2.9\tex\latex\listings\lstlang1.sty"
File: lstlang1.sty 2014/03/04 1.5c listings language file
)
LaTeX Font Info:    Try loading font information for T1+cmtt on input line 49.

("C:\Program Files\MiKTeX 2.9\tex\latex\base\t1cmtt.fd"
File: t1cmtt.fd 1999/05/25 v2.5h Standard LaTeX font definitions
) [79]
Overfull \hbox (67.37361pt too wide) in paragraph at lines 82--83
[][][][][][][][][]  |
 []

[80]
Underfull \hbox (badness 10000) in paragraph at lines 106--108

 []


Underfull \hbox (badness 10000) in paragraph at lines 106--108

 []

[81]
LaTeX Font Info:    Font shape `T1/cmtt/bx/n' in size <10> not available
(Font)              Font shape `T1/cmtt/m/n' tried instead on input line 159.

Overfull \hbox (4.86818pt too wide) in paragraph at lines 163--164
[][][][][][][][][][][][][][][][][][][][][][][][][][][][][][][][][][][][][][][][
][][][]  |
 []


Overfull \hbox (22.65932pt too wide) in paragraph at lines 164--165
[][][][][][][][][][][][][][][][][][][][][][][][][][][][][][][]  |
 []

[82] <graphics/trackingtable.png, id=2023, 355.3275pt x 121.45375pt>
File: graphics/trackingtable.png Graphic file (type png)

<use graphics/trackingtable.png>
Package pdftex.def Info: graphics/trackingtable.png used on input line 191.
(pdftex.def)             Requested size: 411.95245pt x 140.80858pt.

<graphics/trackingtableexample.png, id=2024, 521.95pt x 44.165pt>
File: graphics/trackingtableexample.png Graphic file (type png)

<use graphics/trackingtableexample.png>
Package pdftex.def Info: graphics/trackingtableexample.png used on input line 1
98.
(pdftex.def)             Requested size: 411.94572pt x 34.85692pt.
 [83 <C:/Users/Michi/Favorites/Documents/Eclipse/Project/diploma/Diplomarbeit_T
GM_TGM/graphics/trackingtable.png> <C:/Users/Michi/Favorites/Documents/Eclipse/
Project/diploma/Diplomarbeit_TGM_TGM/graphics/trackingtableexample.png>]
<graphics/cardatatable.png, id=2033, 354.32375pt x 203.76125pt>
File: graphics/cardatatable.png Graphic file (type png)

<use graphics/cardatatable.png>
Package pdftex.def Info: graphics/cardatatable.png used on input line 205.
(pdftex.def)             Requested size: 411.94576pt x 236.89796pt.

<graphics/cardatatablentry.png, id=2034, 659.46375pt x 42.1575pt>
File: graphics/cardatatablentry.png Graphic file (type png)

<use graphics/cardatatablentry.png>
Package pdftex.def Info: graphics/cardatatablentry.png used on input line 213.
(pdftex.def)             Requested size: 411.95251pt x 26.33484pt.
 [84 <C:/Users/Michi/Favorites/Documents/Eclipse/Project/diploma/Diplomarbeit_T
GM_TGM/graphics/cardatatable.png> <C:/Users/Michi/Favorites/Documents/Eclipse/P
roject/diploma/Diplomarbeit_TGM_TGM/graphics/cardatatablentry.png>]
<graphics/userdatatable.png, id=2039, 355.3275pt x 89.33376pt>
File: graphics/userdatatable.png Graphic file (type png)

<use graphics/userdatatable.png>
Package pdftex.def Info: graphics/userdatatable.png used on input line 221.
(pdftex.def)             Requested size: 411.95245pt x 103.56996pt.

<graphics/userdatatableentry.png, id=2040, 623.32875pt x 43.16125pt>
File: graphics/userdatatableentry.png Graphic file (type png)

<use graphics/userdatatableentry.png>
Package pdftex.def Info: graphics/userdatatableentry.png used on input line 227
.
(pdftex.def)             Requested size: 411.94038pt x 28.52403pt.
 [85 <C:/Users/Michi/Favorites/Documents/Eclipse/Project/diploma/Diplomarbeit_T
GM_TGM/graphics/userdatatable.png> <C:/Users/Michi/Favorites/Documents/Eclipse/
Project/diploma/Diplomarbeit_TGM_TGM/graphics/userdatatableentry.png>]
<graphics/webservice.png, id=2045, 438.63875pt x 137.51375pt>
File: graphics/webservice.png Graphic file (type png)

<use graphics/webservice.png>
Package pdftex.def Info: graphics/webservice.png used on input line 238.
(pdftex.def)             Requested size: 411.94565pt x 129.14543pt.

Underfull \hbox (badness 10000) in paragraph at lines 234--244

 []


Underfull \hbox (badness 10000) in paragraph at lines 234--244

 []

[86 <C:/Users/Michi/Favorites/Documents/Eclipse/Project/diploma/Diplomarbeit_TG
M_TGM/graphics/webservice.png>])
(C:\Users\Michi\Favorites\Documents\Eclipse\Project\diploma\Diplomarbeit_TGM_TG
M\tex/chapter8.tex
Chapter 8.

Package hyperref Warning: Difference (2) between bookmark levels is greater 
(hyperref)                than one, level fixed on input line 5.

[87



])
(C:\Users\Michi\Favorites\Documents\Eclipse\Project\diploma\Diplomarbeit_TGM_TG
M\tex/chapter9.tex [88



]
Chapter 9.
)
Underfull \hbox (badness 10000) in paragraph at lines 3--278

 []


Underfull \hbox (badness 10000) in paragraph at lines 3--278

 []


Underfull \hbox (badness 10000) in paragraph at lines 3--278

 []

[89]
No file Diplomarbeit_KOPG_TGM.acr.
No file Diplomarbeit_KOPG_TGM.acr.
[90

]
(C:\Users\Michi\Favorites\Documents\Eclipse\Project\diploma\Diplomarbeit_TGM_TG
M\tex/appendix.tex
Appendix A.
) [91


] [92


]
(C:\Users\Michi\Favorites\Documents\Eclipse\Project\diploma\Diplomarbeit_TGM_TG
M\Diplomarbeit_KOPG_TGM.bbl
Underfull \hbox (badness 10000) in paragraph at lines 26--29
$\T1/DejaVuSansMono/m/n/12 / / developer . mozilla . org / en-[]US / docs / Web
 / JavaScript / Guide / Details _ of _$
 []

** WARNING: IEEEtranS.bst: No hyphenation pattern has been
** loaded for the language `English'. Using the pattern for
** the default language instead.
[93

]
Underfull \hbox (badness 1460) in paragraph at lines 120--123
\T1/DejaVuSansMono/m/n/12 line]. Avail-able: [][]$http : / / markfaction . word
press . com / 2012 / 07 / 15 /$
 []


Overfull \hbox (19.06956pt too wide) in paragraph at lines 120--123
$\T1/DejaVuSansMono/m/n/12 stack-[]based-[]vs-[]register-[]based-[]virtual-[]ma
chine-[]architecture-[]and-[]the-[]dalvik-[]vm/$[][] |
 []

** WARNING: IEEEtranS.bst: No hyphenation pattern has been
** loaded for the language `English'. Using the pattern for
** the default language instead.
** WARNING: IEEEtranS.bst: No hyphenation pattern has been
** loaded for the language `English'. Using the pattern for
** the default language instead.

Underfull \hbox (badness 1325) in paragraph at lines 174--177
[]\T1/DejaVuSansMono/m/n/12 system cen-ter. (2014) Azure overview. [On-line]. A
vail-
 []

[94]
Underfull \hbox (badness 5119) in paragraph at lines 210--213
[]\T1/DejaVuSansMono/m/n/12 L. Vo-gel. (2013) An-droid de-vel-op-ment tu-to-ria
l.
 []


Underfull \hbox (badness 3078) in paragraph at lines 210--213
\T1/DejaVuSansMono/m/n/12 [On-line]. Avail-able: [][]$http : / / www . cs . vir
ginia . edu / ~cs201 / labs /$
 []

) [95]
(C:\Users\Michi\Favorites\Documents\Eclipse\Project\diploma\Diplomarbeit_TGM_TG
M\tex/eid.tex)
Underfull \hbox (badness 10000) in paragraph at lines 12--314

 []

[96

] [97]
Package atveryend Info: Empty hook `BeforeClearDocument' on input line 318.
Package atveryend Info: Empty hook `AfterLastShipout' on input line 318.

(C:\Users\Michi\Favorites\Documents\Eclipse\Project\diploma\Diplomarbeit_TGM_TG
M\Diplomarbeit_KOPG_TGM.aux
(C:\Users\Michi\Favorites\Documents\Eclipse\Project\diploma\Diplomarbeit_TGM_TG
M\tex/title.aux)
(C:\Users\Michi\Favorites\Documents\Eclipse\Project\diploma\Diplomarbeit_TGM_TG
M\tex/prefacea.aux)
(C:\Users\Michi\Favorites\Documents\Eclipse\Project\diploma\Diplomarbeit_TGM_TG
M\tex/abstracta.aux)
(C:\Users\Michi\Favorites\Documents\Eclipse\Project\diploma\Diplomarbeit_TGM_TG
M\tex/kurzzfsg.aux)
(C:\Users\Michi\Favorites\Documents\Eclipse\Project\diploma\Diplomarbeit_TGM_TG
M\tex/nomenclature.aux)
(C:\Users\Michi\Favorites\Documents\Eclipse\Project\diploma\Diplomarbeit_TGM_TG
M\tex/chapter1.aux)
(C:\Users\Michi\Favorites\Documents\Eclipse\Project\diploma\Diplomarbeit_TGM_TG
M\tex/chapter2.aux)
(C:\Users\Michi\Favorites\Documents\Eclipse\Project\diploma\Diplomarbeit_TGM_TG
M\tex/chapter3.aux)
(C:\Users\Michi\Favorites\Documents\Eclipse\Project\diploma\Diplomarbeit_TGM_TG
M\tex/chapter4.aux)
(C:\Users\Michi\Favorites\Documents\Eclipse\Project\diploma\Diplomarbeit_TGM_TG
M\tex/chapter5.aux)
(C:\Users\Michi\Favorites\Documents\Eclipse\Project\diploma\Diplomarbeit_TGM_TG
M\tex/chapter6.aux)
(C:\Users\Michi\Favorites\Documents\Eclipse\Project\diploma\Diplomarbeit_TGM_TG
M\tex/chapter7.aux)
(C:\Users\Michi\Favorites\Documents\Eclipse\Project\diploma\Diplomarbeit_TGM_TG
M\tex/chapter8.aux)
(C:\Users\Michi\Favorites\Documents\Eclipse\Project\diploma\Diplomarbeit_TGM_TG
M\tex/chapter9.aux)
(C:\Users\Michi\Favorites\Documents\Eclipse\Project\diploma\Diplomarbeit_TGM_TG
M\tex/appendix.aux)
(C:\Users\Michi\Favorites\Documents\Eclipse\Project\diploma\Diplomarbeit_TGM_TG
M\tex/eid.aux))
Package atveryend Info: Executing hook `AtVeryEndDocument' on input line 318.
Package atveryend Info: Executing hook `AtEndAfterFileList' on input line 318.
Package rerunfilecheck Info: File `Diplomarbeit_KOPG_TGM.out' has not changed.
(rerunfilecheck)             Checksum: E613954DA5C0B3B8652D22B90065C5C6;10289.


LaTeX Font Warning: Some font shapes were not available, defaults substituted.


LaTeX Warning: There were undefined references.


LaTeX Warning: There were multiply-defined labels.

 ) 
Here is how much of TeX's memory you used:
 15163 strings out of 493921
 224722 string characters out of 3147282
 396354 words of memory out of 3000000
 17095 multiletter control sequences out of 15000+200000
 25983 words of font info for 62 fonts, out of 3000000 for 9000
 855 hyphenation exceptions out of 8191
 46i,8n,76p,1771b,2043s stack positions out of 5000i,500n,10000p,200000b,50000s
 <C:\Users\Michi\AppData\Local\MiKTeX\2.9\fonts\pk\ljfour\jknappen\ec\dpi600\
ectt1000.pk> <C:\Users\Michi\AppData\Local\MiKTeX\2.9\fonts\pk\ljfour\jknappen\
ec\dpi600\ectt1200.pk> <C:\Users\Michi\AppData\Local\MiKTeX\2.9\fonts\pk\ljfour
\jknappen\ec\dpi600\ecrm1095.pk> <C:\Users\Michi\AppData\Local\MiKTeX\2.9\fonts
\pk\ljfour\jknappen\ec\dpi600\ecti1200.pk> <C:\Users\Michi\AppData\Local\MiKTeX
\2.9\fonts\pk\ljfour\jknappen\ec\dpi600\ecbx1440.pk> <C:\Users\Michi\AppData\Lo
cal\MiKTeX\2.9\fonts\pk\ljfour\jknappen\ec\dpi600\ecbx1728.pk> <C:\Users\Michi\
AppData\Local\MiKTeX\2.9\fonts\pk\ljfour\jknappen\ec\dpi600\ecrm1000.pk> <C:\Us
ers\Michi\AppData\Local\MiKTeX\2.9\fonts\pk\ljfour\jknappen\ec\dpi600\ecrm0700.
pk> <C:\Users\Michi\AppData\Local\MiKTeX\2.9\fonts\pk\ljfour\jknappen\ec\dpi600
\ecrm0800.pk> <C:\Users\Michi\AppData\Local\MiKTeX\2.9\fonts\pk\ljfour\jknappen
\ec\dpi600\ecss2488.pk> <C:\Users\Michi\AppData\Local\MiKTeX\2.9\fonts\pk\ljfou
r\jknappen\ec\dpi600\ecsl1200.pk> <C:\Users\Michi\AppData\Local\MiKTeX\2.9\font
s\pk\ljfour\jknappen\ec\dpi600\ecbx1200.pk> <C:\Users\Michi\AppData\Local\MiKTe
X\2.9\fonts\pk\ljfour\jknappen\ec\dpi600\ecrm1200.pk> <C:\Users\Michi\AppData\L
ocal\MiKTeX\2.9\fonts\pk\ljfour\jknappen\ec\dpi600\ecss1440.pk> <C:\Users\Michi
\AppData\Local\MiKTeX\2.9\fonts\pk\ljfour\jknappen\ec\dpi600\ecss1200.pk> <C:\U
sers\Michi\AppData\Local\MiKTeX\2.9\fonts\pk\ljfour\jknappen\ec\dpi600\ecsx2074
.pk> <C:\Users\Michi\AppData\Local\MiKTeX\2.9\fonts\pk\ljfour\jknappen\ec\dpi60
0\ecss1728.pk><C:/Program Files/MiKTeX 2.9/fonts/type1/public/amsfonts/cm/cmsy1
0.pfb>
Output written on Diplomarbeit_KOPG_TGM.pdf (117 pages, 7360846 bytes).
PDF statistics:
 3132 PDF objects out of 3580 (max. 8388607)
 888 named destinations out of 1000 (max. 500000)
 1393 words of extra memory for PDF output out of 10000 (max. 10000000)

