mktextfm ecrm1200
mktextfm ecss1200
mktextfm ecss1728
mktextfm ecss2074
mktextfm ecrm2074
mktextfm ecbx2074
mktextfm ecsx2074
mktextfm ecss1440
mktextfm ecrm1440
mktextfm ecbx1440
mktextfm ecrm1728
mktextfm ecbx1200
mktextfm ecsl1200
mktextfm ecss2488
mktextfm ecrm0800
mktextfm ecrm1000
mktextfm ecrm0700
mktextfm ecbx1728
mktextfm ecti1200
mktextfm ecrm1095
mktextfm ecrm1200
mktextfm ecss1200
mktextfm ecss1728
mktextfm ecss2074
mktextfm ecrm2074
mktextfm ecbx2074
mktextfm ecsx2074
mktextfm ecss1440
mktextfm ecrm1440
mktextfm ecbx1440
mktextfm ecrm1728
mktextfm ecss2488
mktextfm ecrm0800
mktextfm ecrm1000
mktextfm ecrm0700
mktextfm ecbx1200
mktextfm ecbx1728
mktextfm ecsl1200
mktextfm ecti1200
mktextfm ecrm1095
mktextfm ecrm1200
mktextfm ecss1200
mktextfm ecss1728
mktextfm ecss2074
mktextfm ecrm2074
mktextfm ecbx2074
mktextfm ecsx2074
mktextfm ecss1440
mktextfm ecrm1440
mktextfm ecbx1440
mktextfm ecrm1728
mktextfm ecss2488
mktextfm ecrm0800
mktextfm ecrm1000
mktextfm ecrm0700
mktextfm ecbx1200
mktextfm ecbx1728
mktextfm ecsl1200
mktextfm ecti1200
mktextfm ecrm1095
mktextfm ecrm1200
mktextfm ecss1200
mktextfm ecss1728
mktextfm ecss2074
mktextfm ecrm2074
mktextfm ecbx2074
mktextfm ecsx2074
mktextfm ecss1440
mktextfm ecrm1440
mktextfm ecbx1440
mktextfm ecrm1728
mktextfm ecss2488
mktextfm ecrm0800
mktextfm ecrm1000
mktextfm ecrm0700
mktextfm ecbx1200
mktextfm ecbx1728
mktextfm ecsl1200
mktextfm ecti1200
mktextfm ecrm1095
mktextfm ecrm1200
mktextfm ecss1200
mktextfm ecss1728
mktextfm ecss2074
mktextfm ecrm2074
mktextfm ecbx2074
mktextfm ecsx2074
mktextfm ecss1440
mktextfm ecrm1440
mktextfm ecbx1440
mktextfm ecrm1728
mktextfm ecss2488
mktextfm ecrm0800
mktextfm ecrm1000
mktextfm ecrm0700
mktextfm ecbx1200
mktextfm ecbx1728
mktextfm ecsl1200
mktextfm ecti1200
mktextfm ecrm1095
mktextfm ecrm1200
mktextfm ecss1200
mktextfm ecss1728
mktextfm ecss2074
mktextfm ecrm2074
mktextfm ecbx2074
mktextfm ecsx2074
mktextfm ecss1440
mktextfm ecrm1440
mktextfm ecbx1440
mktextfm ecrm1728
mktextfm ecss2488
mktextfm ecrm0800
mktextfm ecrm1000
mktextfm ecrm0700
mktextfm ecbx1200
mktextfm ecbx1728
mktextfm ecsl1200
mktextfm ecti1200
mktextfm ecrm1095
mktextfm ecrm1200
mktextfm ecss1200
mktextfm ecss1728
mktextfm ecss2074
mktextfm ecrm2074
mktextfm ecbx2074
mktextfm ecsx2074
mktextfm ecss1440
mktextfm ecrm1440
mktextfm ecbx1440
mktextfm ecrm1728
mktextfm ecss2488
mktextfm ecrm0800
mktextfm ecrm1000
mktextfm ecrm0700
mktextfm ecbx1200
mktextfm ecbx1728
mktextfm ecsl1200
mktextfm ecti1200
mktextfm ecrm1095
