\BOOKMARK [0][-]{chapter.1}{Theoretical Basics}{}% 1
\BOOKMARK [1][-]{section.1.1}{General}{chapter.1}% 2
\BOOKMARK [1][-]{section.1.2}{Augmented Reality}{chapter.1}% 3
\BOOKMARK [1][-]{section.1.3}{Java}{chapter.1}% 4
\BOOKMARK [0][-]{chapter.2}{Typographic Design}{}% 5
\BOOKMARK [1][-]{section.2.1}{Tables}{chapter.2}% 6
\BOOKMARK [1][-]{section.2.2}{Figures}{chapter.2}% 7
\BOOKMARK [1][-]{section.2.3}{Fonts}{chapter.2}% 8
\BOOKMARK [1][-]{section.2.4}{Code}{chapter.2}% 9
\BOOKMARK [0][-]{chapter.3}{Integrated Development Environment}{}% 10
\BOOKMARK [1][-]{section.3.1}{Andorid SDK Eclipse}{chapter.3}% 11
\BOOKMARK [1][-]{section.3.2}{JetBrains WebStorm}{chapter.3}% 12
\BOOKMARK [1][-]{section.3.3}{Visual Studio}{chapter.3}% 13
\BOOKMARK [0][-]{chapter.4}{Logic Implementation with JavaScript}{}% 14
\BOOKMARK [1][-]{section.4.1}{Start Menu}{chapter.4}% 15
\BOOKMARK [1][-]{section.4.2}{Help}{chapter.4}% 16
\BOOKMARK [1][-]{section.4.3}{Start Menu}{chapter.4}% 17
\BOOKMARK [1][-]{section.4.4}{My Favourites}{chapter.4}% 18
\BOOKMARK [1][-]{section.4.5}{About}{chapter.4}% 19
\BOOKMARK [0][-]{chapter.5}{Bibliographic Issues}{}% 20
\BOOKMARK [1][-]{section.5.1}{Literature Search}{chapter.5}% 21
\BOOKMARK [1][-]{section.5.2}{BibTeX}{chapter.5}% 22
\BOOKMARK [0][-]{section*.6}{Bibliography}{}% 23
